INFO - 2024-07-02 06:43:30 --> Session: Class initialized using 'CodeIgniter\Session\Handlers\FileHandler' driver.
INFO - 2024-07-02 06:43:30 --> Session: Class initialized using 'CodeIgniter\Session\Handlers\FileHandler' driver.
INFO - 2024-07-02 06:43:41 --> Session: Class initialized using 'CodeIgniter\Session\Handlers\FileHandler' driver.
INFO - 2024-07-02 06:45:13 --> Session: Class initialized using 'CodeIgniter\Session\Handlers\FileHandler' driver.
INFO - 2024-07-02 06:45:13 --> Session: Class initialized using 'CodeIgniter\Session\Handlers\FileHandler' driver.
INFO - 2024-07-02 06:51:34 --> Session: Class initialized using 'CodeIgniter\Session\Handlers\FileHandler' driver.
INFO - 2024-07-02 06:51:34 --> Session: Class initialized using 'CodeIgniter\Session\Handlers\FileHandler' driver.
INFO - 2024-07-02 07:34:31 --> Session: Class initialized using 'CodeIgniter\Session\Handlers\FileHandler' driver.
INFO - 2024-07-02 07:35:15 --> Session: Class initialized using 'CodeIgniter\Session\Handlers\FileHandler' driver.
INFO - 2024-07-02 07:35:16 --> Session: Class initialized using 'CodeIgniter\Session\Handlers\FileHandler' driver.
INFO - 2024-07-02 08:11:35 --> Session: Class initialized using 'CodeIgniter\Session\Handlers\FileHandler' driver.
INFO - 2024-07-02 08:12:12 --> Session: Class initialized using 'CodeIgniter\Session\Handlers\FileHandler' driver.
INFO - 2024-07-02 08:12:12 --> Session: Class initialized using 'CodeIgniter\Session\Handlers\FileHandler' driver.
INFO - 2024-07-02 08:13:00 --> Session: Class initialized using 'CodeIgniter\Session\Handlers\FileHandler' driver.
INFO - 2024-07-02 08:13:00 --> Session: Class initialized using 'CodeIgniter\Session\Handlers\FileHandler' driver.
CRITICAL - 2024-07-02 08:39:41 --> ErrorException: Undefined variable $content
[Method: GET, Route: profil/gambaran-umum]
in APPPATH\Views\user\gambaranumum.php on line 28.
 1 APPPATH\Views\user\gambaranumum.php(28): CodeIgniter\Debug\Exceptions->errorHandler(2, 'Undefined variable $content', 'D:\\Personal\\xampp\\htdocs\\pleret\\app\\Views\\user\\gambaranumum.php', 28)
 2 SYSTEMPATH\View\View.php(234): include('D:\\Personal\\xampp\\htdocs\\pleret\\app\\Views\\user\\gambaranumum.php')
 3 SYSTEMPATH\View\View.php(237): CodeIgniter\View\View->CodeIgniter\View\{closure}()
 4 SYSTEMPATH\Common.php(1171): CodeIgniter\View\View->render('user/gambaranumum', [], true)
 5 APPPATH\Controllers\User\GambaranUmum.php(17): view('user/gambaranumum', [...])
 6 SYSTEMPATH\CodeIgniter.php(933): App\Controllers\User\GambaranUmum->index()
 7 SYSTEMPATH\CodeIgniter.php(509): CodeIgniter\CodeIgniter->runController(Object(App\Controllers\User\GambaranUmum))
 8 SYSTEMPATH\CodeIgniter.php(355): CodeIgniter\CodeIgniter->handleRequest(null, Object(Config\Cache), false)
 9 SYSTEMPATH\Boot.php(325): CodeIgniter\CodeIgniter->run()
10 SYSTEMPATH\Boot.php(67): CodeIgniter\Boot::runCodeIgniter(Object(CodeIgniter\CodeIgniter))
11 FCPATH\index.php(56): CodeIgniter\Boot::bootWeb(Object(Config\Paths))
12 SYSTEMPATH\Commands\Server\rewrite.php(49): require_once('D:\\Personal\\xampp\\htdocs\\pleret\\public\\index.php')
CRITICAL - 2024-07-02 08:44:42 --> ErrorException: Undefined variable $content
[Method: GET, Route: profil/gambaran-umum]
in APPPATH\Views\user\gambaranumum.php on line 28.
 1 APPPATH\Views\user\gambaranumum.php(28): CodeIgniter\Debug\Exceptions->errorHandler(2, 'Undefined variable $content', 'D:\\Personal\\xampp\\htdocs\\pleret\\app\\Views\\user\\gambaranumum.php', 28)
 2 SYSTEMPATH\View\View.php(234): include('D:\\Personal\\xampp\\htdocs\\pleret\\app\\Views\\user\\gambaranumum.php')
 3 SYSTEMPATH\View\View.php(237): CodeIgniter\View\View->CodeIgniter\View\{closure}()
 4 SYSTEMPATH\Common.php(1171): CodeIgniter\View\View->render('user/gambaranumum', [], true)
 5 APPPATH\Controllers\User\GambaranUmum.php(17): view('user/gambaranumum', [...])
 6 SYSTEMPATH\CodeIgniter.php(933): App\Controllers\User\GambaranUmum->index()
 7 SYSTEMPATH\CodeIgniter.php(509): CodeIgniter\CodeIgniter->runController(Object(App\Controllers\User\GambaranUmum))
 8 SYSTEMPATH\CodeIgniter.php(355): CodeIgniter\CodeIgniter->handleRequest(null, Object(Config\Cache), false)
 9 SYSTEMPATH\Boot.php(325): CodeIgniter\CodeIgniter->run()
10 SYSTEMPATH\Boot.php(67): CodeIgniter\Boot::runCodeIgniter(Object(CodeIgniter\CodeIgniter))
11 FCPATH\index.php(56): CodeIgniter\Boot::bootWeb(Object(Config\Paths))
12 SYSTEMPATH\Commands\Server\rewrite.php(49): require_once('D:\\Personal\\xampp\\htdocs\\pleret\\public\\index.php')
CRITICAL - 2024-07-02 08:44:43 --> ErrorException: Undefined variable $content
[Method: GET, Route: profil/gambaran-umum]
in APPPATH\Views\user\gambaranumum.php on line 28.
 1 APPPATH\Views\user\gambaranumum.php(28): CodeIgniter\Debug\Exceptions->errorHandler(2, 'Undefined variable $content', 'D:\\Personal\\xampp\\htdocs\\pleret\\app\\Views\\user\\gambaranumum.php', 28)
 2 SYSTEMPATH\View\View.php(234): include('D:\\Personal\\xampp\\htdocs\\pleret\\app\\Views\\user\\gambaranumum.php')
 3 SYSTEMPATH\View\View.php(237): CodeIgniter\View\View->CodeIgniter\View\{closure}()
 4 SYSTEMPATH\Common.php(1171): CodeIgniter\View\View->render('user/gambaranumum', [], true)
 5 APPPATH\Controllers\User\GambaranUmum.php(17): view('user/gambaranumum', [...])
 6 SYSTEMPATH\CodeIgniter.php(933): App\Controllers\User\GambaranUmum->index()
 7 SYSTEMPATH\CodeIgniter.php(509): CodeIgniter\CodeIgniter->runController(Object(App\Controllers\User\GambaranUmum))
 8 SYSTEMPATH\CodeIgniter.php(355): CodeIgniter\CodeIgniter->handleRequest(null, Object(Config\Cache), false)
 9 SYSTEMPATH\Boot.php(325): CodeIgniter\CodeIgniter->run()
10 SYSTEMPATH\Boot.php(67): CodeIgniter\Boot::runCodeIgniter(Object(CodeIgniter\CodeIgniter))
11 FCPATH\index.php(56): CodeIgniter\Boot::bootWeb(Object(Config\Paths))
12 SYSTEMPATH\Commands\Server\rewrite.php(49): require_once('D:\\Personal\\xampp\\htdocs\\pleret\\public\\index.php')
CRITICAL - 2024-07-02 08:44:44 --> ErrorException: Undefined variable $content
[Method: GET, Route: profil/gambaran-umum]
in APPPATH\Views\user\gambaranumum.php on line 28.
 1 APPPATH\Views\user\gambaranumum.php(28): CodeIgniter\Debug\Exceptions->errorHandler(2, 'Undefined variable $content', 'D:\\Personal\\xampp\\htdocs\\pleret\\app\\Views\\user\\gambaranumum.php', 28)
 2 SYSTEMPATH\View\View.php(234): include('D:\\Personal\\xampp\\htdocs\\pleret\\app\\Views\\user\\gambaranumum.php')
 3 SYSTEMPATH\View\View.php(237): CodeIgniter\View\View->CodeIgniter\View\{closure}()
 4 SYSTEMPATH\Common.php(1171): CodeIgniter\View\View->render('user/gambaranumum', [], true)
 5 APPPATH\Controllers\User\GambaranUmum.php(17): view('user/gambaranumum', [...])
 6 SYSTEMPATH\CodeIgniter.php(933): App\Controllers\User\GambaranUmum->index()
 7 SYSTEMPATH\CodeIgniter.php(509): CodeIgniter\CodeIgniter->runController(Object(App\Controllers\User\GambaranUmum))
 8 SYSTEMPATH\CodeIgniter.php(355): CodeIgniter\CodeIgniter->handleRequest(null, Object(Config\Cache), false)
 9 SYSTEMPATH\Boot.php(325): CodeIgniter\CodeIgniter->run()
10 SYSTEMPATH\Boot.php(67): CodeIgniter\Boot::runCodeIgniter(Object(CodeIgniter\CodeIgniter))
11 FCPATH\index.php(56): CodeIgniter\Boot::bootWeb(Object(Config\Paths))
12 SYSTEMPATH\Commands\Server\rewrite.php(49): require_once('D:\\Personal\\xampp\\htdocs\\pleret\\public\\index.php')
CRITICAL - 2024-07-02 08:44:44 --> ErrorException: Undefined variable $content
[Method: GET, Route: profil/gambaran-umum]
in APPPATH\Views\user\gambaranumum.php on line 28.
 1 APPPATH\Views\user\gambaranumum.php(28): CodeIgniter\Debug\Exceptions->errorHandler(2, 'Undefined variable $content', 'D:\\Personal\\xampp\\htdocs\\pleret\\app\\Views\\user\\gambaranumum.php', 28)
 2 SYSTEMPATH\View\View.php(234): include('D:\\Personal\\xampp\\htdocs\\pleret\\app\\Views\\user\\gambaranumum.php')
 3 SYSTEMPATH\View\View.php(237): CodeIgniter\View\View->CodeIgniter\View\{closure}()
 4 SYSTEMPATH\Common.php(1171): CodeIgniter\View\View->render('user/gambaranumum', [], true)
 5 APPPATH\Controllers\User\GambaranUmum.php(17): view('user/gambaranumum', [...])
 6 SYSTEMPATH\CodeIgniter.php(933): App\Controllers\User\GambaranUmum->index()
 7 SYSTEMPATH\CodeIgniter.php(509): CodeIgniter\CodeIgniter->runController(Object(App\Controllers\User\GambaranUmum))
 8 SYSTEMPATH\CodeIgniter.php(355): CodeIgniter\CodeIgniter->handleRequest(null, Object(Config\Cache), false)
 9 SYSTEMPATH\Boot.php(325): CodeIgniter\CodeIgniter->run()
10 SYSTEMPATH\Boot.php(67): CodeIgniter\Boot::runCodeIgniter(Object(CodeIgniter\CodeIgniter))
11 FCPATH\index.php(56): CodeIgniter\Boot::bootWeb(Object(Config\Paths))
12 SYSTEMPATH\Commands\Server\rewrite.php(49): require_once('D:\\Personal\\xampp\\htdocs\\pleret\\public\\index.php')
CRITICAL - 2024-07-02 08:44:44 --> ErrorException: Undefined variable $content
[Method: GET, Route: profil/gambaran-umum]
in APPPATH\Views\user\gambaranumum.php on line 28.
 1 APPPATH\Views\user\gambaranumum.php(28): CodeIgniter\Debug\Exceptions->errorHandler(2, 'Undefined variable $content', 'D:\\Personal\\xampp\\htdocs\\pleret\\app\\Views\\user\\gambaranumum.php', 28)
 2 SYSTEMPATH\View\View.php(234): include('D:\\Personal\\xampp\\htdocs\\pleret\\app\\Views\\user\\gambaranumum.php')
 3 SYSTEMPATH\View\View.php(237): CodeIgniter\View\View->CodeIgniter\View\{closure}()
 4 SYSTEMPATH\Common.php(1171): CodeIgniter\View\View->render('user/gambaranumum', [], true)
 5 APPPATH\Controllers\User\GambaranUmum.php(17): view('user/gambaranumum', [...])
 6 SYSTEMPATH\CodeIgniter.php(933): App\Controllers\User\GambaranUmum->index()
 7 SYSTEMPATH\CodeIgniter.php(509): CodeIgniter\CodeIgniter->runController(Object(App\Controllers\User\GambaranUmum))
 8 SYSTEMPATH\CodeIgniter.php(355): CodeIgniter\CodeIgniter->handleRequest(null, Object(Config\Cache), false)
 9 SYSTEMPATH\Boot.php(325): CodeIgniter\CodeIgniter->run()
10 SYSTEMPATH\Boot.php(67): CodeIgniter\Boot::runCodeIgniter(Object(CodeIgniter\CodeIgniter))
11 FCPATH\index.php(56): CodeIgniter\Boot::bootWeb(Object(Config\Paths))
12 SYSTEMPATH\Commands\Server\rewrite.php(49): require_once('D:\\Personal\\xampp\\htdocs\\pleret\\public\\index.php')
CRITICAL - 2024-07-02 08:44:44 --> ErrorException: Undefined variable $content
[Method: GET, Route: profil/gambaran-umum]
in APPPATH\Views\user\gambaranumum.php on line 28.
 1 APPPATH\Views\user\gambaranumum.php(28): CodeIgniter\Debug\Exceptions->errorHandler(2, 'Undefined variable $content', 'D:\\Personal\\xampp\\htdocs\\pleret\\app\\Views\\user\\gambaranumum.php', 28)
 2 SYSTEMPATH\View\View.php(234): include('D:\\Personal\\xampp\\htdocs\\pleret\\app\\Views\\user\\gambaranumum.php')
 3 SYSTEMPATH\View\View.php(237): CodeIgniter\View\View->CodeIgniter\View\{closure}()
 4 SYSTEMPATH\Common.php(1171): CodeIgniter\View\View->render('user/gambaranumum', [], true)
 5 APPPATH\Controllers\User\GambaranUmum.php(17): view('user/gambaranumum', [...])
 6 SYSTEMPATH\CodeIgniter.php(933): App\Controllers\User\GambaranUmum->index()
 7 SYSTEMPATH\CodeIgniter.php(509): CodeIgniter\CodeIgniter->runController(Object(App\Controllers\User\GambaranUmum))
 8 SYSTEMPATH\CodeIgniter.php(355): CodeIgniter\CodeIgniter->handleRequest(null, Object(Config\Cache), false)
 9 SYSTEMPATH\Boot.php(325): CodeIgniter\CodeIgniter->run()
10 SYSTEMPATH\Boot.php(67): CodeIgniter\Boot::runCodeIgniter(Object(CodeIgniter\CodeIgniter))
11 FCPATH\index.php(56): CodeIgniter\Boot::bootWeb(Object(Config\Paths))
12 SYSTEMPATH\Commands\Server\rewrite.php(49): require_once('D:\\Personal\\xampp\\htdocs\\pleret\\public\\index.php')
CRITICAL - 2024-07-02 08:44:44 --> ErrorException: Undefined variable $content
[Method: GET, Route: profil/gambaran-umum]
in APPPATH\Views\user\gambaranumum.php on line 28.
 1 APPPATH\Views\user\gambaranumum.php(28): CodeIgniter\Debug\Exceptions->errorHandler(2, 'Undefined variable $content', 'D:\\Personal\\xampp\\htdocs\\pleret\\app\\Views\\user\\gambaranumum.php', 28)
 2 SYSTEMPATH\View\View.php(234): include('D:\\Personal\\xampp\\htdocs\\pleret\\app\\Views\\user\\gambaranumum.php')
 3 SYSTEMPATH\View\View.php(237): CodeIgniter\View\View->CodeIgniter\View\{closure}()
 4 SYSTEMPATH\Common.php(1171): CodeIgniter\View\View->render('user/gambaranumum', [], true)
 5 APPPATH\Controllers\User\GambaranUmum.php(17): view('user/gambaranumum', [...])
 6 SYSTEMPATH\CodeIgniter.php(933): App\Controllers\User\GambaranUmum->index()
 7 SYSTEMPATH\CodeIgniter.php(509): CodeIgniter\CodeIgniter->runController(Object(App\Controllers\User\GambaranUmum))
 8 SYSTEMPATH\CodeIgniter.php(355): CodeIgniter\CodeIgniter->handleRequest(null, Object(Config\Cache), false)
 9 SYSTEMPATH\Boot.php(325): CodeIgniter\CodeIgniter->run()
10 SYSTEMPATH\Boot.php(67): CodeIgniter\Boot::runCodeIgniter(Object(CodeIgniter\CodeIgniter))
11 FCPATH\index.php(56): CodeIgniter\Boot::bootWeb(Object(Config\Paths))
12 SYSTEMPATH\Commands\Server\rewrite.php(49): require_once('D:\\Personal\\xampp\\htdocs\\pleret\\public\\index.php')
INFO - 2024-07-02 08:46:56 --> Session: Class initialized using 'CodeIgniter\Session\Handlers\FileHandler' driver.
INFO - 2024-07-02 08:47:16 --> Session: Class initialized using 'CodeIgniter\Session\Handlers\FileHandler' driver.
INFO - 2024-07-02 08:47:17 --> Session: Class initialized using 'CodeIgniter\Session\Handlers\FileHandler' driver.
INFO - 2024-07-02 08:49:05 --> Session: Class initialized using 'CodeIgniter\Session\Handlers\FileHandler' driver.
INFO - 2024-07-02 08:49:05 --> Session: Class initialized using 'CodeIgniter\Session\Handlers\FileHandler' driver.
INFO - 2024-07-02 08:49:38 --> Session: Class initialized using 'CodeIgniter\Session\Handlers\FileHandler' driver.
INFO - 2024-07-02 08:49:38 --> Session: Class initialized using 'CodeIgniter\Session\Handlers\FileHandler' driver.
INFO - 2024-07-02 08:49:50 --> Session: Class initialized using 'CodeIgniter\Session\Handlers\FileHandler' driver.
INFO - 2024-07-02 08:49:50 --> Session: Class initialized using 'CodeIgniter\Session\Handlers\FileHandler' driver.
INFO - 2024-07-02 08:51:10 --> Session: Class initialized using 'CodeIgniter\Session\Handlers\FileHandler' driver.
INFO - 2024-07-02 08:51:10 --> Session: Class initialized using 'CodeIgniter\Session\Handlers\FileHandler' driver.
INFO - 2024-07-02 08:51:21 --> Session: Class initialized using 'CodeIgniter\Session\Handlers\FileHandler' driver.
INFO - 2024-07-02 08:51:21 --> Session: Class initialized using 'CodeIgniter\Session\Handlers\FileHandler' driver.
INFO - 2024-07-02 08:55:02 --> Session: Class initialized using 'CodeIgniter\Session\Handlers\FileHandler' driver.
INFO - 2024-07-02 08:55:14 --> Session: Class initialized using 'CodeIgniter\Session\Handlers\FileHandler' driver.
INFO - 2024-07-02 08:55:14 --> Session: Class initialized using 'CodeIgniter\Session\Handlers\FileHandler' driver.
INFO - 2024-07-02 08:58:08 --> Session: Class initialized using 'CodeIgniter\Session\Handlers\FileHandler' driver.
INFO - 2024-07-02 08:58:36 --> Session: Class initialized using 'CodeIgniter\Session\Handlers\FileHandler' driver.
INFO - 2024-07-02 08:58:36 --> Session: Class initialized using 'CodeIgniter\Session\Handlers\FileHandler' driver.
INFO - 2024-07-02 09:01:12 --> Session: Class initialized using 'CodeIgniter\Session\Handlers\FileHandler' driver.
INFO - 2024-07-02 09:01:31 --> Session: Class initialized using 'CodeIgniter\Session\Handlers\FileHandler' driver.
INFO - 2024-07-02 09:01:31 --> Session: Class initialized using 'CodeIgniter\Session\Handlers\FileHandler' driver.
INFO - 2024-07-02 09:02:08 --> Session: Class initialized using 'CodeIgniter\Session\Handlers\FileHandler' driver.
INFO - 2024-07-02 09:02:08 --> Session: Class initialized using 'CodeIgniter\Session\Handlers\FileHandler' driver.
INFO - 2024-07-02 09:02:31 --> Session: Class initialized using 'CodeIgniter\Session\Handlers\FileHandler' driver.
INFO - 2024-07-02 09:02:31 --> Session: Class initialized using 'CodeIgniter\Session\Handlers\FileHandler' driver.
INFO - 2024-07-02 09:02:36 --> Session: Class initialized using 'CodeIgniter\Session\Handlers\FileHandler' driver.
INFO - 2024-07-02 09:03:16 --> Session: Class initialized using 'CodeIgniter\Session\Handlers\FileHandler' driver.
INFO - 2024-07-02 09:03:18 --> Session: Class initialized using 'CodeIgniter\Session\Handlers\FileHandler' driver.
CRITICAL - 2024-07-02 09:18:37 --> Error: Call to undefined function truncate()
[Method: GET, Route: /]
in APPPATH\Views\user\index.php on line 30.
 1 SYSTEMPATH\View\View.php(234): include()
 2 SYSTEMPATH\View\View.php(237): CodeIgniter\View\View->CodeIgniter\View\{closure}()
 3 SYSTEMPATH\Common.php(1171): CodeIgniter\View\View->render('user/index', [], true)
 4 APPPATH\Controllers\User\Home.php(19): view('user/index', [...])
 5 SYSTEMPATH\CodeIgniter.php(933): App\Controllers\User\Home->index()
 6 SYSTEMPATH\CodeIgniter.php(509): CodeIgniter\CodeIgniter->runController(Object(App\Controllers\User\Home))
 7 SYSTEMPATH\CodeIgniter.php(355): CodeIgniter\CodeIgniter->handleRequest(null, Object(Config\Cache), false)
 8 SYSTEMPATH\Boot.php(325): CodeIgniter\CodeIgniter->run()
 9 SYSTEMPATH\Boot.php(67): CodeIgniter\Boot::runCodeIgniter(Object(CodeIgniter\CodeIgniter))
10 FCPATH\index.php(56): CodeIgniter\Boot::bootWeb(Object(Config\Paths))
11 SYSTEMPATH\Commands\Server\rewrite.php(49): require_once('D:\\Personal\\xampp\\htdocs\\pleret\\public\\index.php')
CRITICAL - 2024-07-02 09:20:14 --> Error: Call to undefined function truncate()
[Method: GET, Route: /]
in APPPATH\Views\user\index.php on line 30.
 1 SYSTEMPATH\View\View.php(234): include()
 2 SYSTEMPATH\View\View.php(237): CodeIgniter\View\View->CodeIgniter\View\{closure}()
 3 SYSTEMPATH\Common.php(1171): CodeIgniter\View\View->render('user/index', [], true)
 4 APPPATH\Controllers\User\Home.php(19): view('user/index', [...])
 5 SYSTEMPATH\CodeIgniter.php(933): App\Controllers\User\Home->index()
 6 SYSTEMPATH\CodeIgniter.php(509): CodeIgniter\CodeIgniter->runController(Object(App\Controllers\User\Home))
 7 SYSTEMPATH\CodeIgniter.php(355): CodeIgniter\CodeIgniter->handleRequest(null, Object(Config\Cache), false)
 8 SYSTEMPATH\Boot.php(325): CodeIgniter\CodeIgniter->run()
 9 SYSTEMPATH\Boot.php(67): CodeIgniter\Boot::runCodeIgniter(Object(CodeIgniter\CodeIgniter))
10 FCPATH\index.php(56): CodeIgniter\Boot::bootWeb(Object(Config\Paths))
11 SYSTEMPATH\Commands\Server\rewrite.php(49): require_once('D:\\Personal\\xampp\\htdocs\\pleret\\public\\index.php')
CRITICAL - 2024-07-02 09:25:39 --> ErrorException: Undefined array key "tata_letak"
[Method: GET, Route: /]
in APPPATH\Views\user\index.php on line 24.
 1 APPPATH\Views\user\index.php(24): CodeIgniter\Debug\Exceptions->errorHandler(2, 'Undefined array key "tata_letak"', 'D:\\Personal\\xampp\\htdocs\\pleret\\app\\Views\\user\\index.php', 24)
 2 SYSTEMPATH\View\View.php(234): include('D:\\Personal\\xampp\\htdocs\\pleret\\app\\Views\\user\\index.php')
 3 SYSTEMPATH\View\View.php(237): CodeIgniter\View\View->CodeIgniter\View\{closure}()
 4 SYSTEMPATH\Common.php(1171): CodeIgniter\View\View->render('user/index', [], true)
 5 APPPATH\Controllers\User\Home.php(20): view('user/index', [...])
 6 SYSTEMPATH\CodeIgniter.php(933): App\Controllers\User\Home->index()
 7 SYSTEMPATH\CodeIgniter.php(509): CodeIgniter\CodeIgniter->runController(Object(App\Controllers\User\Home))
 8 SYSTEMPATH\CodeIgniter.php(355): CodeIgniter\CodeIgniter->handleRequest(null, Object(Config\Cache), false)
 9 SYSTEMPATH\Boot.php(325): CodeIgniter\CodeIgniter->run()
10 SYSTEMPATH\Boot.php(67): CodeIgniter\Boot::runCodeIgniter(Object(CodeIgniter\CodeIgniter))
11 FCPATH\index.php(56): CodeIgniter\Boot::bootWeb(Object(Config\Paths))
12 SYSTEMPATH\Commands\Server\rewrite.php(49): require_once('D:\\Personal\\xampp\\htdocs\\pleret\\public\\index.php')
INFO - 2024-07-02 13:29:58 --> Session: Class initialized using 'CodeIgniter\Session\Handlers\FileHandler' driver.
INFO - 2024-07-02 13:31:45 --> Session: Class initialized using 'CodeIgniter\Session\Handlers\FileHandler' driver.
INFO - 2024-07-02 13:31:45 --> Session: Class initialized using 'CodeIgniter\Session\Handlers\FileHandler' driver.
INFO - 2024-07-02 13:31:51 --> Session: Class initialized using 'CodeIgniter\Session\Handlers\FileHandler' driver.
INFO - 2024-07-02 13:31:52 --> Session: Class initialized using 'CodeIgniter\Session\Handlers\FileHandler' driver.
CRITICAL - 2024-07-02 13:40:23 --> ErrorException: Undefined variable $articles
[Method: GET, Route: /]
in APPPATH\Views\user\index.php on line 74.
 1 APPPATH\Views\user\index.php(74): CodeIgniter\Debug\Exceptions->errorHandler(2, 'Undefined variable $articles', 'D:\\Personal\\xampp\\htdocs\\pleret\\app\\Views\\user\\index.php', 74)
 2 SYSTEMPATH\View\View.php(234): include('D:\\Personal\\xampp\\htdocs\\pleret\\app\\Views\\user\\index.php')
 3 SYSTEMPATH\View\View.php(237): CodeIgniter\View\View->CodeIgniter\View\{closure}()
 4 SYSTEMPATH\Common.php(1171): CodeIgniter\View\View->render('user/index', [], true)
 5 APPPATH\Controllers\User\Home.php(25): view('user/index', [...])
 6 SYSTEMPATH\CodeIgniter.php(933): App\Controllers\User\Home->index()
 7 SYSTEMPATH\CodeIgniter.php(509): CodeIgniter\CodeIgniter->runController(Object(App\Controllers\User\Home))
 8 SYSTEMPATH\CodeIgniter.php(355): CodeIgniter\CodeIgniter->handleRequest(null, Object(Config\Cache), false)
 9 SYSTEMPATH\Boot.php(325): CodeIgniter\CodeIgniter->run()
10 SYSTEMPATH\Boot.php(67): CodeIgniter\Boot::runCodeIgniter(Object(CodeIgniter\CodeIgniter))
11 FCPATH\index.php(56): CodeIgniter\Boot::bootWeb(Object(Config\Paths))
12 SYSTEMPATH\Commands\Server\rewrite.php(49): require_once('D:\\Personal\\xampp\\htdocs\\pleret\\public\\index.php')
INFO - 2024-07-02 14:13:28 --> Session: Class initialized using 'CodeIgniter\Session\Handlers\FileHandler' driver.
CRITICAL - 2024-07-02 14:32:38 --> Error: Call to undefined function truncate()
[Method: GET, Route: berita]
in APPPATH\Views\user\berita.php on line 36.
 1 SYSTEMPATH\View\View.php(234): include()
 2 SYSTEMPATH\View\View.php(237): CodeIgniter\View\View->CodeIgniter\View\{closure}()
 3 SYSTEMPATH\Common.php(1171): CodeIgniter\View\View->render('user/berita', [], true)
 4 APPPATH\Controllers\User\Berita.php(22): view('user/berita', [...])
 5 SYSTEMPATH\CodeIgniter.php(933): App\Controllers\User\Berita->index()
 6 SYSTEMPATH\CodeIgniter.php(509): CodeIgniter\CodeIgniter->runController(Object(App\Controllers\User\Berita))
 7 SYSTEMPATH\CodeIgniter.php(355): CodeIgniter\CodeIgniter->handleRequest(null, Object(Config\Cache), false)
 8 SYSTEMPATH\Boot.php(325): CodeIgniter\CodeIgniter->run()
 9 SYSTEMPATH\Boot.php(67): CodeIgniter\Boot::runCodeIgniter(Object(CodeIgniter\CodeIgniter))
10 FCPATH\index.php(56): CodeIgniter\Boot::bootWeb(Object(Config\Paths))
11 SYSTEMPATH\Commands\Server\rewrite.php(49): require_once('D:\\Personal\\xampp\\htdocs\\pleret\\public\\index.php')
