ERROR - 2024-07-13 07:53:54 --> Error connecting to the database: mysqli_sql_exception: No connection could be made because the target machine actively refused it in D:\Personal\xampp\htdocs\pleret\system\Database\MySQLi\Connection.php:186
Stack trace:
#0 D:\Personal\xampp\htdocs\pleret\system\Database\MySQLi\Connection.php(186): mysqli->real_connect('localhost', 'root', Object(SensitiveParameterValue), 'pleret', 3306, '', 0)
#1 D:\Personal\xampp\htdocs\pleret\system\Database\BaseConnection.php(421): CodeIgniter\Database\MySQLi\Connection->connect(false)
#2 D:\Personal\xampp\htdocs\pleret\system\Database\BaseConnection.php(614): CodeIgniter\Database\BaseConnection->initialize()
#3 D:\Personal\xampp\htdocs\pleret\system\Database\BaseBuilder.php(1637): CodeIgniter\Database\BaseConnection->query('SELECT *\nFROM `...', Array, false)
#4 D:\Personal\xampp\htdocs\pleret\system\Model.php(286): CodeIgniter\Database\BaseBuilder->get()
#5 D:\Personal\xampp\htdocs\pleret\system\BaseModel.php(676): CodeIgniter\Model->doFindAll(0, 0)
#6 D:\Personal\xampp\htdocs\pleret\app\Controllers\User\Peta.php(13): CodeIgniter\BaseModel->findAll()
#7 D:\Personal\xampp\htdocs\pleret\system\CodeIgniter.php(933): App\Controllers\User\Peta->index()
#8 D:\Personal\xampp\htdocs\pleret\system\CodeIgniter.php(509): CodeIgniter\CodeIgniter->runController(Object(App\Controllers\User\Peta))
#9 D:\Personal\xampp\htdocs\pleret\system\CodeIgniter.php(355): CodeIgniter\CodeIgniter->handleRequest(NULL, Object(Config\Cache), false)
#10 D:\Personal\xampp\htdocs\pleret\system\Boot.php(325): CodeIgniter\CodeIgniter->run()
#11 D:\Personal\xampp\htdocs\pleret\system\Boot.php(67): CodeIgniter\Boot::runCodeIgniter(Object(CodeIgniter\CodeIgniter))
#12 D:\Personal\xampp\htdocs\pleret\public\index.php(56): CodeIgniter\Boot::bootWeb(Object(Config\Paths))
#13 D:\Personal\xampp\htdocs\pleret\system\Commands\Server\rewrite.php(49): require_once('D:\\Personal\\xam...')
#14 {main}

Next CodeIgniter\Database\Exceptions\DatabaseException: No connection could be made because the target machine actively refused it in D:\Personal\xampp\htdocs\pleret\system\Database\MySQLi\Connection.php:231
Stack trace:
#0 D:\Personal\xampp\htdocs\pleret\system\Database\BaseConnection.php(421): CodeIgniter\Database\MySQLi\Connection->connect(false)
#1 D:\Personal\xampp\htdocs\pleret\system\Database\BaseConnection.php(614): CodeIgniter\Database\BaseConnection->initialize()
#2 D:\Personal\xampp\htdocs\pleret\system\Database\BaseBuilder.php(1637): CodeIgniter\Database\BaseConnection->query('SELECT *\nFROM `...', Array, false)
#3 D:\Personal\xampp\htdocs\pleret\system\Model.php(286): CodeIgniter\Database\BaseBuilder->get()
#4 D:\Personal\xampp\htdocs\pleret\system\BaseModel.php(676): CodeIgniter\Model->doFindAll(0, 0)
#5 D:\Personal\xampp\htdocs\pleret\app\Controllers\User\Peta.php(13): CodeIgniter\BaseModel->findAll()
#6 D:\Personal\xampp\htdocs\pleret\system\CodeIgniter.php(933): App\Controllers\User\Peta->index()
#7 D:\Personal\xampp\htdocs\pleret\system\CodeIgniter.php(509): CodeIgniter\CodeIgniter->runController(Object(App\Controllers\User\Peta))
#8 D:\Personal\xampp\htdocs\pleret\system\CodeIgniter.php(355): CodeIgniter\CodeIgniter->handleRequest(NULL, Object(Config\Cache), false)
#9 D:\Personal\xampp\htdocs\pleret\system\Boot.php(325): CodeIgniter\CodeIgniter->run()
#10 D:\Personal\xampp\htdocs\pleret\system\Boot.php(67): CodeIgniter\Boot::runCodeIgniter(Object(CodeIgniter\CodeIgniter))
#11 D:\Personal\xampp\htdocs\pleret\public\index.php(56): CodeIgniter\Boot::bootWeb(Object(Config\Paths))
#12 D:\Personal\xampp\htdocs\pleret\system\Commands\Server\rewrite.php(49): require_once('D:\\Personal\\xam...')
#13 {main}
CRITICAL - 2024-07-13 07:53:54 --> CodeIgniter\Database\Exceptions\DatabaseException: Unable to connect to the database.
Main connection [MySQLi]: No connection could be made because the target machine actively refused it
[Method: GET, Route: peta]
in SYSTEMPATH\Database\BaseConnection.php on line 467.
 1 SYSTEMPATH\Database\BaseConnection.php(614): CodeIgniter\Database\BaseConnection->initialize()
 2 SYSTEMPATH\Database\BaseBuilder.php(1637): CodeIgniter\Database\BaseConnection->query('SELECT *
FROM `wisata`', [], false)
 3 SYSTEMPATH\Model.php(286): CodeIgniter\Database\BaseBuilder->get()
 4 SYSTEMPATH\BaseModel.php(676): CodeIgniter\Model->doFindAll(0, 0)
 5 APPPATH\Controllers\User\Peta.php(13): CodeIgniter\BaseModel->findAll()
 6 SYSTEMPATH\CodeIgniter.php(933): App\Controllers\User\Peta->index()
 7 SYSTEMPATH\CodeIgniter.php(509): CodeIgniter\CodeIgniter->runController(Object(App\Controllers\User\Peta))
 8 SYSTEMPATH\CodeIgniter.php(355): CodeIgniter\CodeIgniter->handleRequest(null, Object(Config\Cache), false)
 9 SYSTEMPATH\Boot.php(325): CodeIgniter\CodeIgniter->run()
10 SYSTEMPATH\Boot.php(67): CodeIgniter\Boot::runCodeIgniter(Object(CodeIgniter\CodeIgniter))
11 FCPATH\index.php(56): CodeIgniter\Boot::bootWeb(Object(Config\Paths))
12 SYSTEMPATH\Commands\Server\rewrite.php(49): require_once('D:\\Personal\\xampp\\htdocs\\pleret\\public\\index.php')
ERROR - 2024-07-13 07:54:05 --> Error connecting to the database: mysqli_sql_exception: Host 'localhost' is not allowed to connect to this MariaDB server in D:\Personal\xampp\htdocs\pleret\system\Database\MySQLi\Connection.php:186
Stack trace:
#0 D:\Personal\xampp\htdocs\pleret\system\Database\MySQLi\Connection.php(186): mysqli->real_connect('localhost', 'root', Object(SensitiveParameterValue), 'pleret', 3306, '', 0)
#1 D:\Personal\xampp\htdocs\pleret\system\Database\BaseConnection.php(421): CodeIgniter\Database\MySQLi\Connection->connect(false)
#2 D:\Personal\xampp\htdocs\pleret\system\Database\BaseConnection.php(614): CodeIgniter\Database\BaseConnection->initialize()
#3 D:\Personal\xampp\htdocs\pleret\system\Database\BaseBuilder.php(1637): CodeIgniter\Database\BaseConnection->query('SELECT *\nFROM `...', Array, false)
#4 D:\Personal\xampp\htdocs\pleret\system\Model.php(286): CodeIgniter\Database\BaseBuilder->get()
#5 D:\Personal\xampp\htdocs\pleret\system\BaseModel.php(676): CodeIgniter\Model->doFindAll(0, 0)
#6 D:\Personal\xampp\htdocs\pleret\app\Controllers\User\Peta.php(13): CodeIgniter\BaseModel->findAll()
#7 D:\Personal\xampp\htdocs\pleret\system\CodeIgniter.php(933): App\Controllers\User\Peta->index()
#8 D:\Personal\xampp\htdocs\pleret\system\CodeIgniter.php(509): CodeIgniter\CodeIgniter->runController(Object(App\Controllers\User\Peta))
#9 D:\Personal\xampp\htdocs\pleret\system\CodeIgniter.php(355): CodeIgniter\CodeIgniter->handleRequest(NULL, Object(Config\Cache), false)
#10 D:\Personal\xampp\htdocs\pleret\system\Boot.php(325): CodeIgniter\CodeIgniter->run()
#11 D:\Personal\xampp\htdocs\pleret\system\Boot.php(67): CodeIgniter\Boot::runCodeIgniter(Object(CodeIgniter\CodeIgniter))
#12 D:\Personal\xampp\htdocs\pleret\public\index.php(56): CodeIgniter\Boot::bootWeb(Object(Config\Paths))
#13 D:\Personal\xampp\htdocs\pleret\system\Commands\Server\rewrite.php(49): require_once('D:\\Personal\\xam...')
#14 {main}

Next CodeIgniter\Database\Exceptions\DatabaseException: Host 'localhost' is not allowed to connect to this MariaDB server in D:\Personal\xampp\htdocs\pleret\system\Database\MySQLi\Connection.php:231
Stack trace:
#0 D:\Personal\xampp\htdocs\pleret\system\Database\BaseConnection.php(421): CodeIgniter\Database\MySQLi\Connection->connect(false)
#1 D:\Personal\xampp\htdocs\pleret\system\Database\BaseConnection.php(614): CodeIgniter\Database\BaseConnection->initialize()
#2 D:\Personal\xampp\htdocs\pleret\system\Database\BaseBuilder.php(1637): CodeIgniter\Database\BaseConnection->query('SELECT *\nFROM `...', Array, false)
#3 D:\Personal\xampp\htdocs\pleret\system\Model.php(286): CodeIgniter\Database\BaseBuilder->get()
#4 D:\Personal\xampp\htdocs\pleret\system\BaseModel.php(676): CodeIgniter\Model->doFindAll(0, 0)
#5 D:\Personal\xampp\htdocs\pleret\app\Controllers\User\Peta.php(13): CodeIgniter\BaseModel->findAll()
#6 D:\Personal\xampp\htdocs\pleret\system\CodeIgniter.php(933): App\Controllers\User\Peta->index()
#7 D:\Personal\xampp\htdocs\pleret\system\CodeIgniter.php(509): CodeIgniter\CodeIgniter->runController(Object(App\Controllers\User\Peta))
#8 D:\Personal\xampp\htdocs\pleret\system\CodeIgniter.php(355): CodeIgniter\CodeIgniter->handleRequest(NULL, Object(Config\Cache), false)
#9 D:\Personal\xampp\htdocs\pleret\system\Boot.php(325): CodeIgniter\CodeIgniter->run()
#10 D:\Personal\xampp\htdocs\pleret\system\Boot.php(67): CodeIgniter\Boot::runCodeIgniter(Object(CodeIgniter\CodeIgniter))
#11 D:\Personal\xampp\htdocs\pleret\public\index.php(56): CodeIgniter\Boot::bootWeb(Object(Config\Paths))
#12 D:\Personal\xampp\htdocs\pleret\system\Commands\Server\rewrite.php(49): require_once('D:\\Personal\\xam...')
#13 {main}
CRITICAL - 2024-07-13 07:54:05 --> CodeIgniter\Database\Exceptions\DatabaseException: Unable to connect to the database.
Main connection [MySQLi]: Host 'localhost' is not allowed to connect to this MariaDB server
[Method: GET, Route: peta]
in SYSTEMPATH\Database\BaseConnection.php on line 467.
 1 SYSTEMPATH\Database\BaseConnection.php(614): CodeIgniter\Database\BaseConnection->initialize()
 2 SYSTEMPATH\Database\BaseBuilder.php(1637): CodeIgniter\Database\BaseConnection->query('SELECT *
FROM `wisata`', [], false)
 3 SYSTEMPATH\Model.php(286): CodeIgniter\Database\BaseBuilder->get()
 4 SYSTEMPATH\BaseModel.php(676): CodeIgniter\Model->doFindAll(0, 0)
 5 APPPATH\Controllers\User\Peta.php(13): CodeIgniter\BaseModel->findAll()
 6 SYSTEMPATH\CodeIgniter.php(933): App\Controllers\User\Peta->index()
 7 SYSTEMPATH\CodeIgniter.php(509): CodeIgniter\CodeIgniter->runController(Object(App\Controllers\User\Peta))
 8 SYSTEMPATH\CodeIgniter.php(355): CodeIgniter\CodeIgniter->handleRequest(null, Object(Config\Cache), false)
 9 SYSTEMPATH\Boot.php(325): CodeIgniter\CodeIgniter->run()
10 SYSTEMPATH\Boot.php(67): CodeIgniter\Boot::runCodeIgniter(Object(CodeIgniter\CodeIgniter))
11 FCPATH\index.php(56): CodeIgniter\Boot::bootWeb(Object(Config\Paths))
12 SYSTEMPATH\Commands\Server\rewrite.php(49): require_once('D:\\Personal\\xampp\\htdocs\\pleret\\public\\index.php')
ERROR - 2024-07-13 07:54:07 --> Error connecting to the database: mysqli_sql_exception: Host 'localhost' is not allowed to connect to this MariaDB server in D:\Personal\xampp\htdocs\pleret\system\Database\MySQLi\Connection.php:186
Stack trace:
#0 D:\Personal\xampp\htdocs\pleret\system\Database\MySQLi\Connection.php(186): mysqli->real_connect('localhost', 'root', Object(SensitiveParameterValue), 'pleret', 3306, '', 0)
#1 D:\Personal\xampp\htdocs\pleret\system\Database\BaseConnection.php(421): CodeIgniter\Database\MySQLi\Connection->connect(false)
#2 D:\Personal\xampp\htdocs\pleret\system\Database\BaseConnection.php(614): CodeIgniter\Database\BaseConnection->initialize()
#3 D:\Personal\xampp\htdocs\pleret\system\Database\BaseBuilder.php(1637): CodeIgniter\Database\BaseConnection->query('SELECT *\nFROM `...', Array, false)
#4 D:\Personal\xampp\htdocs\pleret\system\Model.php(286): CodeIgniter\Database\BaseBuilder->get()
#5 D:\Personal\xampp\htdocs\pleret\system\BaseModel.php(676): CodeIgniter\Model->doFindAll(0, 0)
#6 D:\Personal\xampp\htdocs\pleret\app\Controllers\User\Peta.php(13): CodeIgniter\BaseModel->findAll()
#7 D:\Personal\xampp\htdocs\pleret\system\CodeIgniter.php(933): App\Controllers\User\Peta->index()
#8 D:\Personal\xampp\htdocs\pleret\system\CodeIgniter.php(509): CodeIgniter\CodeIgniter->runController(Object(App\Controllers\User\Peta))
#9 D:\Personal\xampp\htdocs\pleret\system\CodeIgniter.php(355): CodeIgniter\CodeIgniter->handleRequest(NULL, Object(Config\Cache), false)
#10 D:\Personal\xampp\htdocs\pleret\system\Boot.php(325): CodeIgniter\CodeIgniter->run()
#11 D:\Personal\xampp\htdocs\pleret\system\Boot.php(67): CodeIgniter\Boot::runCodeIgniter(Object(CodeIgniter\CodeIgniter))
#12 D:\Personal\xampp\htdocs\pleret\public\index.php(56): CodeIgniter\Boot::bootWeb(Object(Config\Paths))
#13 D:\Personal\xampp\htdocs\pleret\system\Commands\Server\rewrite.php(49): require_once('D:\\Personal\\xam...')
#14 {main}

Next CodeIgniter\Database\Exceptions\DatabaseException: Host 'localhost' is not allowed to connect to this MariaDB server in D:\Personal\xampp\htdocs\pleret\system\Database\MySQLi\Connection.php:231
Stack trace:
#0 D:\Personal\xampp\htdocs\pleret\system\Database\BaseConnection.php(421): CodeIgniter\Database\MySQLi\Connection->connect(false)
#1 D:\Personal\xampp\htdocs\pleret\system\Database\BaseConnection.php(614): CodeIgniter\Database\BaseConnection->initialize()
#2 D:\Personal\xampp\htdocs\pleret\system\Database\BaseBuilder.php(1637): CodeIgniter\Database\BaseConnection->query('SELECT *\nFROM `...', Array, false)
#3 D:\Personal\xampp\htdocs\pleret\system\Model.php(286): CodeIgniter\Database\BaseBuilder->get()
#4 D:\Personal\xampp\htdocs\pleret\system\BaseModel.php(676): CodeIgniter\Model->doFindAll(0, 0)
#5 D:\Personal\xampp\htdocs\pleret\app\Controllers\User\Peta.php(13): CodeIgniter\BaseModel->findAll()
#6 D:\Personal\xampp\htdocs\pleret\system\CodeIgniter.php(933): App\Controllers\User\Peta->index()
#7 D:\Personal\xampp\htdocs\pleret\system\CodeIgniter.php(509): CodeIgniter\CodeIgniter->runController(Object(App\Controllers\User\Peta))
#8 D:\Personal\xampp\htdocs\pleret\system\CodeIgniter.php(355): CodeIgniter\CodeIgniter->handleRequest(NULL, Object(Config\Cache), false)
#9 D:\Personal\xampp\htdocs\pleret\system\Boot.php(325): CodeIgniter\CodeIgniter->run()
#10 D:\Personal\xampp\htdocs\pleret\system\Boot.php(67): CodeIgniter\Boot::runCodeIgniter(Object(CodeIgniter\CodeIgniter))
#11 D:\Personal\xampp\htdocs\pleret\public\index.php(56): CodeIgniter\Boot::bootWeb(Object(Config\Paths))
#12 D:\Personal\xampp\htdocs\pleret\system\Commands\Server\rewrite.php(49): require_once('D:\\Personal\\xam...')
#13 {main}
CRITICAL - 2024-07-13 07:54:07 --> CodeIgniter\Database\Exceptions\DatabaseException: Unable to connect to the database.
Main connection [MySQLi]: Host 'localhost' is not allowed to connect to this MariaDB server
[Method: GET, Route: peta]
in SYSTEMPATH\Database\BaseConnection.php on line 467.
 1 SYSTEMPATH\Database\BaseConnection.php(614): CodeIgniter\Database\BaseConnection->initialize()
 2 SYSTEMPATH\Database\BaseBuilder.php(1637): CodeIgniter\Database\BaseConnection->query('SELECT *
FROM `wisata`', [], false)
 3 SYSTEMPATH\Model.php(286): CodeIgniter\Database\BaseBuilder->get()
 4 SYSTEMPATH\BaseModel.php(676): CodeIgniter\Model->doFindAll(0, 0)
 5 APPPATH\Controllers\User\Peta.php(13): CodeIgniter\BaseModel->findAll()
 6 SYSTEMPATH\CodeIgniter.php(933): App\Controllers\User\Peta->index()
 7 SYSTEMPATH\CodeIgniter.php(509): CodeIgniter\CodeIgniter->runController(Object(App\Controllers\User\Peta))
 8 SYSTEMPATH\CodeIgniter.php(355): CodeIgniter\CodeIgniter->handleRequest(null, Object(Config\Cache), false)
 9 SYSTEMPATH\Boot.php(325): CodeIgniter\CodeIgniter->run()
10 SYSTEMPATH\Boot.php(67): CodeIgniter\Boot::runCodeIgniter(Object(CodeIgniter\CodeIgniter))
11 FCPATH\index.php(56): CodeIgniter\Boot::bootWeb(Object(Config\Paths))
12 SYSTEMPATH\Commands\Server\rewrite.php(49): require_once('D:\\Personal\\xampp\\htdocs\\pleret\\public\\index.php')
ERROR - 2024-07-13 07:54:11 --> Error connecting to the database: mysqli_sql_exception: Host 'localhost' is not allowed to connect to this MariaDB server in D:\Personal\xampp\htdocs\pleret\system\Database\MySQLi\Connection.php:186
Stack trace:
#0 D:\Personal\xampp\htdocs\pleret\system\Database\MySQLi\Connection.php(186): mysqli->real_connect('localhost', 'root', Object(SensitiveParameterValue), 'pleret', 3306, '', 0)
#1 D:\Personal\xampp\htdocs\pleret\system\Database\BaseConnection.php(421): CodeIgniter\Database\MySQLi\Connection->connect(false)
#2 D:\Personal\xampp\htdocs\pleret\system\Database\BaseConnection.php(614): CodeIgniter\Database\BaseConnection->initialize()
#3 D:\Personal\xampp\htdocs\pleret\system\Database\BaseBuilder.php(1637): CodeIgniter\Database\BaseConnection->query('SELECT *\nFROM `...', Array, false)
#4 D:\Personal\xampp\htdocs\pleret\system\Model.php(330): CodeIgniter\Database\BaseBuilder->get()
#5 D:\Personal\xampp\htdocs\pleret\system\BaseModel.php(714): CodeIgniter\Model->doFirst()
#6 D:\Personal\xampp\htdocs\pleret\app\Models\Admin\WisataModel.php(15): CodeIgniter\BaseModel->first()
#7 D:\Personal\xampp\htdocs\pleret\app\Controllers\User\Home.php(18): App\Models\Admin\WisataModel->getWisataByName('Pantai Mlaranga...')
#8 D:\Personal\xampp\htdocs\pleret\system\CodeIgniter.php(933): App\Controllers\User\Home->index()
#9 D:\Personal\xampp\htdocs\pleret\system\CodeIgniter.php(509): CodeIgniter\CodeIgniter->runController(Object(App\Controllers\User\Home))
#10 D:\Personal\xampp\htdocs\pleret\system\CodeIgniter.php(355): CodeIgniter\CodeIgniter->handleRequest(NULL, Object(Config\Cache), false)
#11 D:\Personal\xampp\htdocs\pleret\system\Boot.php(325): CodeIgniter\CodeIgniter->run()
#12 D:\Personal\xampp\htdocs\pleret\system\Boot.php(67): CodeIgniter\Boot::runCodeIgniter(Object(CodeIgniter\CodeIgniter))
#13 D:\Personal\xampp\htdocs\pleret\public\index.php(56): CodeIgniter\Boot::bootWeb(Object(Config\Paths))
#14 D:\Personal\xampp\htdocs\pleret\system\Commands\Server\rewrite.php(49): require_once('D:\\Personal\\xam...')
#15 {main}

Next CodeIgniter\Database\Exceptions\DatabaseException: Host 'localhost' is not allowed to connect to this MariaDB server in D:\Personal\xampp\htdocs\pleret\system\Database\MySQLi\Connection.php:231
Stack trace:
#0 D:\Personal\xampp\htdocs\pleret\system\Database\BaseConnection.php(421): CodeIgniter\Database\MySQLi\Connection->connect(false)
#1 D:\Personal\xampp\htdocs\pleret\system\Database\BaseConnection.php(614): CodeIgniter\Database\BaseConnection->initialize()
#2 D:\Personal\xampp\htdocs\pleret\system\Database\BaseBuilder.php(1637): CodeIgniter\Database\BaseConnection->query('SELECT *\nFROM `...', Array, false)
#3 D:\Personal\xampp\htdocs\pleret\system\Model.php(330): CodeIgniter\Database\BaseBuilder->get()
#4 D:\Personal\xampp\htdocs\pleret\system\BaseModel.php(714): CodeIgniter\Model->doFirst()
#5 D:\Personal\xampp\htdocs\pleret\app\Models\Admin\WisataModel.php(15): CodeIgniter\BaseModel->first()
#6 D:\Personal\xampp\htdocs\pleret\app\Controllers\User\Home.php(18): App\Models\Admin\WisataModel->getWisataByName('Pantai Mlaranga...')
#7 D:\Personal\xampp\htdocs\pleret\system\CodeIgniter.php(933): App\Controllers\User\Home->index()
#8 D:\Personal\xampp\htdocs\pleret\system\CodeIgniter.php(509): CodeIgniter\CodeIgniter->runController(Object(App\Controllers\User\Home))
#9 D:\Personal\xampp\htdocs\pleret\system\CodeIgniter.php(355): CodeIgniter\CodeIgniter->handleRequest(NULL, Object(Config\Cache), false)
#10 D:\Personal\xampp\htdocs\pleret\system\Boot.php(325): CodeIgniter\CodeIgniter->run()
#11 D:\Personal\xampp\htdocs\pleret\system\Boot.php(67): CodeIgniter\Boot::runCodeIgniter(Object(CodeIgniter\CodeIgniter))
#12 D:\Personal\xampp\htdocs\pleret\public\index.php(56): CodeIgniter\Boot::bootWeb(Object(Config\Paths))
#13 D:\Personal\xampp\htdocs\pleret\system\Commands\Server\rewrite.php(49): require_once('D:\\Personal\\xam...')
#14 {main}
CRITICAL - 2024-07-13 07:54:11 --> CodeIgniter\Database\Exceptions\DatabaseException: Unable to connect to the database.
Main connection [MySQLi]: Host 'localhost' is not allowed to connect to this MariaDB server
[Method: GET, Route: /]
in SYSTEMPATH\Database\BaseConnection.php on line 467.
 1 SYSTEMPATH\Database\BaseConnection.php(614): CodeIgniter\Database\BaseConnection->initialize()
 2 SYSTEMPATH\Database\BaseBuilder.php(1637): CodeIgniter\Database\BaseConnection->query('SELECT *
FROM `wisata`
WHERE `nama` = :nama:
 LIMIT 1', [...], false)
 3 SYSTEMPATH\Model.php(330): CodeIgniter\Database\BaseBuilder->get()
 4 SYSTEMPATH\BaseModel.php(714): CodeIgniter\Model->doFirst()
 5 APPPATH\Models\Admin\WisataModel.php(15): CodeIgniter\BaseModel->first()
 6 APPPATH\Controllers\User\Home.php(18): App\Models\Admin\WisataModel->getWisataByName('Pantai Mlarangan Asri')
 7 SYSTEMPATH\CodeIgniter.php(933): App\Controllers\User\Home->index()
 8 SYSTEMPATH\CodeIgniter.php(509): CodeIgniter\CodeIgniter->runController(Object(App\Controllers\User\Home))
 9 SYSTEMPATH\CodeIgniter.php(355): CodeIgniter\CodeIgniter->handleRequest(null, Object(Config\Cache), false)
10 SYSTEMPATH\Boot.php(325): CodeIgniter\CodeIgniter->run()
11 SYSTEMPATH\Boot.php(67): CodeIgniter\Boot::runCodeIgniter(Object(CodeIgniter\CodeIgniter))
12 FCPATH\index.php(56): CodeIgniter\Boot::bootWeb(Object(Config\Paths))
13 SYSTEMPATH\Commands\Server\rewrite.php(49): require_once('D:\\Personal\\xampp\\htdocs\\pleret\\public\\index.php')
ERROR - 2024-07-13 07:54:19 --> Error connecting to the database: mysqli_sql_exception: Host 'localhost' is not allowed to connect to this MariaDB server in D:\Personal\xampp\htdocs\pleret\system\Database\MySQLi\Connection.php:186
Stack trace:
#0 D:\Personal\xampp\htdocs\pleret\system\Database\MySQLi\Connection.php(186): mysqli->real_connect('localhost', 'root', Object(SensitiveParameterValue), 'pleret', 3306, '', 0)
#1 D:\Personal\xampp\htdocs\pleret\system\Database\BaseConnection.php(421): CodeIgniter\Database\MySQLi\Connection->connect(false)
#2 D:\Personal\xampp\htdocs\pleret\system\Database\BaseConnection.php(614): CodeIgniter\Database\BaseConnection->initialize()
#3 D:\Personal\xampp\htdocs\pleret\system\Database\BaseBuilder.php(1637): CodeIgniter\Database\BaseConnection->query('SELECT *\nFROM `...', Array, false)
#4 D:\Personal\xampp\htdocs\pleret\system\Model.php(330): CodeIgniter\Database\BaseBuilder->get()
#5 D:\Personal\xampp\htdocs\pleret\system\BaseModel.php(714): CodeIgniter\Model->doFirst()
#6 D:\Personal\xampp\htdocs\pleret\app\Models\Admin\WisataModel.php(15): CodeIgniter\BaseModel->first()
#7 D:\Personal\xampp\htdocs\pleret\app\Controllers\User\Home.php(18): App\Models\Admin\WisataModel->getWisataByName('Pantai Mlaranga...')
#8 D:\Personal\xampp\htdocs\pleret\system\CodeIgniter.php(933): App\Controllers\User\Home->index()
#9 D:\Personal\xampp\htdocs\pleret\system\CodeIgniter.php(509): CodeIgniter\CodeIgniter->runController(Object(App\Controllers\User\Home))
#10 D:\Personal\xampp\htdocs\pleret\system\CodeIgniter.php(355): CodeIgniter\CodeIgniter->handleRequest(NULL, Object(Config\Cache), false)
#11 D:\Personal\xampp\htdocs\pleret\system\Boot.php(325): CodeIgniter\CodeIgniter->run()
#12 D:\Personal\xampp\htdocs\pleret\system\Boot.php(67): CodeIgniter\Boot::runCodeIgniter(Object(CodeIgniter\CodeIgniter))
#13 D:\Personal\xampp\htdocs\pleret\public\index.php(56): CodeIgniter\Boot::bootWeb(Object(Config\Paths))
#14 D:\Personal\xampp\htdocs\pleret\system\Commands\Server\rewrite.php(49): require_once('D:\\Personal\\xam...')
#15 {main}

Next CodeIgniter\Database\Exceptions\DatabaseException: Host 'localhost' is not allowed to connect to this MariaDB server in D:\Personal\xampp\htdocs\pleret\system\Database\MySQLi\Connection.php:231
Stack trace:
#0 D:\Personal\xampp\htdocs\pleret\system\Database\BaseConnection.php(421): CodeIgniter\Database\MySQLi\Connection->connect(false)
#1 D:\Personal\xampp\htdocs\pleret\system\Database\BaseConnection.php(614): CodeIgniter\Database\BaseConnection->initialize()
#2 D:\Personal\xampp\htdocs\pleret\system\Database\BaseBuilder.php(1637): CodeIgniter\Database\BaseConnection->query('SELECT *\nFROM `...', Array, false)
#3 D:\Personal\xampp\htdocs\pleret\system\Model.php(330): CodeIgniter\Database\BaseBuilder->get()
#4 D:\Personal\xampp\htdocs\pleret\system\BaseModel.php(714): CodeIgniter\Model->doFirst()
#5 D:\Personal\xampp\htdocs\pleret\app\Models\Admin\WisataModel.php(15): CodeIgniter\BaseModel->first()
#6 D:\Personal\xampp\htdocs\pleret\app\Controllers\User\Home.php(18): App\Models\Admin\WisataModel->getWisataByName('Pantai Mlaranga...')
#7 D:\Personal\xampp\htdocs\pleret\system\CodeIgniter.php(933): App\Controllers\User\Home->index()
#8 D:\Personal\xampp\htdocs\pleret\system\CodeIgniter.php(509): CodeIgniter\CodeIgniter->runController(Object(App\Controllers\User\Home))
#9 D:\Personal\xampp\htdocs\pleret\system\CodeIgniter.php(355): CodeIgniter\CodeIgniter->handleRequest(NULL, Object(Config\Cache), false)
#10 D:\Personal\xampp\htdocs\pleret\system\Boot.php(325): CodeIgniter\CodeIgniter->run()
#11 D:\Personal\xampp\htdocs\pleret\system\Boot.php(67): CodeIgniter\Boot::runCodeIgniter(Object(CodeIgniter\CodeIgniter))
#12 D:\Personal\xampp\htdocs\pleret\public\index.php(56): CodeIgniter\Boot::bootWeb(Object(Config\Paths))
#13 D:\Personal\xampp\htdocs\pleret\system\Commands\Server\rewrite.php(49): require_once('D:\\Personal\\xam...')
#14 {main}
CRITICAL - 2024-07-13 07:54:19 --> CodeIgniter\Database\Exceptions\DatabaseException: Unable to connect to the database.
Main connection [MySQLi]: Host 'localhost' is not allowed to connect to this MariaDB server
[Method: GET, Route: /]
in SYSTEMPATH\Database\BaseConnection.php on line 467.
 1 SYSTEMPATH\Database\BaseConnection.php(614): CodeIgniter\Database\BaseConnection->initialize()
 2 SYSTEMPATH\Database\BaseBuilder.php(1637): CodeIgniter\Database\BaseConnection->query('SELECT *
FROM `wisata`
WHERE `nama` = :nama:
 LIMIT 1', [...], false)
 3 SYSTEMPATH\Model.php(330): CodeIgniter\Database\BaseBuilder->get()
 4 SYSTEMPATH\BaseModel.php(714): CodeIgniter\Model->doFirst()
 5 APPPATH\Models\Admin\WisataModel.php(15): CodeIgniter\BaseModel->first()
 6 APPPATH\Controllers\User\Home.php(18): App\Models\Admin\WisataModel->getWisataByName('Pantai Mlarangan Asri')
 7 SYSTEMPATH\CodeIgniter.php(933): App\Controllers\User\Home->index()
 8 SYSTEMPATH\CodeIgniter.php(509): CodeIgniter\CodeIgniter->runController(Object(App\Controllers\User\Home))
 9 SYSTEMPATH\CodeIgniter.php(355): CodeIgniter\CodeIgniter->handleRequest(null, Object(Config\Cache), false)
10 SYSTEMPATH\Boot.php(325): CodeIgniter\CodeIgniter->run()
11 SYSTEMPATH\Boot.php(67): CodeIgniter\Boot::runCodeIgniter(Object(CodeIgniter\CodeIgniter))
12 FCPATH\index.php(56): CodeIgniter\Boot::bootWeb(Object(Config\Paths))
13 SYSTEMPATH\Commands\Server\rewrite.php(49): require_once('D:\\Personal\\xampp\\htdocs\\pleret\\public\\index.php')
ERROR - 2024-07-13 07:54:52 --> Error connecting to the database: mysqli_sql_exception: Host 'localhost' is not allowed to connect to this MariaDB server in D:\Personal\xampp\htdocs\pleret\system\Database\MySQLi\Connection.php:186
Stack trace:
#0 D:\Personal\xampp\htdocs\pleret\system\Database\MySQLi\Connection.php(186): mysqli->real_connect('localhost', 'root', Object(SensitiveParameterValue), 'pleret', 3306, '', 0)
#1 D:\Personal\xampp\htdocs\pleret\system\Database\BaseConnection.php(421): CodeIgniter\Database\MySQLi\Connection->connect(false)
#2 D:\Personal\xampp\htdocs\pleret\system\Database\BaseConnection.php(614): CodeIgniter\Database\BaseConnection->initialize()
#3 D:\Personal\xampp\htdocs\pleret\system\Database\BaseBuilder.php(1637): CodeIgniter\Database\BaseConnection->query('SELECT *\nFROM `...', Array, false)
#4 D:\Personal\xampp\htdocs\pleret\system\Model.php(330): CodeIgniter\Database\BaseBuilder->get()
#5 D:\Personal\xampp\htdocs\pleret\system\BaseModel.php(714): CodeIgniter\Model->doFirst()
#6 D:\Personal\xampp\htdocs\pleret\app\Models\Admin\WisataModel.php(15): CodeIgniter\BaseModel->first()
#7 D:\Personal\xampp\htdocs\pleret\app\Controllers\User\Home.php(18): App\Models\Admin\WisataModel->getWisataByName('Pantai Mlaranga...')
#8 D:\Personal\xampp\htdocs\pleret\system\CodeIgniter.php(933): App\Controllers\User\Home->index()
#9 D:\Personal\xampp\htdocs\pleret\system\CodeIgniter.php(509): CodeIgniter\CodeIgniter->runController(Object(App\Controllers\User\Home))
#10 D:\Personal\xampp\htdocs\pleret\system\CodeIgniter.php(355): CodeIgniter\CodeIgniter->handleRequest(NULL, Object(Config\Cache), false)
#11 D:\Personal\xampp\htdocs\pleret\system\Boot.php(325): CodeIgniter\CodeIgniter->run()
#12 D:\Personal\xampp\htdocs\pleret\system\Boot.php(67): CodeIgniter\Boot::runCodeIgniter(Object(CodeIgniter\CodeIgniter))
#13 D:\Personal\xampp\htdocs\pleret\public\index.php(56): CodeIgniter\Boot::bootWeb(Object(Config\Paths))
#14 D:\Personal\xampp\htdocs\pleret\system\Commands\Server\rewrite.php(49): require_once('D:\\Personal\\xam...')
#15 {main}

Next CodeIgniter\Database\Exceptions\DatabaseException: Host 'localhost' is not allowed to connect to this MariaDB server in D:\Personal\xampp\htdocs\pleret\system\Database\MySQLi\Connection.php:231
Stack trace:
#0 D:\Personal\xampp\htdocs\pleret\system\Database\BaseConnection.php(421): CodeIgniter\Database\MySQLi\Connection->connect(false)
#1 D:\Personal\xampp\htdocs\pleret\system\Database\BaseConnection.php(614): CodeIgniter\Database\BaseConnection->initialize()
#2 D:\Personal\xampp\htdocs\pleret\system\Database\BaseBuilder.php(1637): CodeIgniter\Database\BaseConnection->query('SELECT *\nFROM `...', Array, false)
#3 D:\Personal\xampp\htdocs\pleret\system\Model.php(330): CodeIgniter\Database\BaseBuilder->get()
#4 D:\Personal\xampp\htdocs\pleret\system\BaseModel.php(714): CodeIgniter\Model->doFirst()
#5 D:\Personal\xampp\htdocs\pleret\app\Models\Admin\WisataModel.php(15): CodeIgniter\BaseModel->first()
#6 D:\Personal\xampp\htdocs\pleret\app\Controllers\User\Home.php(18): App\Models\Admin\WisataModel->getWisataByName('Pantai Mlaranga...')
#7 D:\Personal\xampp\htdocs\pleret\system\CodeIgniter.php(933): App\Controllers\User\Home->index()
#8 D:\Personal\xampp\htdocs\pleret\system\CodeIgniter.php(509): CodeIgniter\CodeIgniter->runController(Object(App\Controllers\User\Home))
#9 D:\Personal\xampp\htdocs\pleret\system\CodeIgniter.php(355): CodeIgniter\CodeIgniter->handleRequest(NULL, Object(Config\Cache), false)
#10 D:\Personal\xampp\htdocs\pleret\system\Boot.php(325): CodeIgniter\CodeIgniter->run()
#11 D:\Personal\xampp\htdocs\pleret\system\Boot.php(67): CodeIgniter\Boot::runCodeIgniter(Object(CodeIgniter\CodeIgniter))
#12 D:\Personal\xampp\htdocs\pleret\public\index.php(56): CodeIgniter\Boot::bootWeb(Object(Config\Paths))
#13 D:\Personal\xampp\htdocs\pleret\system\Commands\Server\rewrite.php(49): require_once('D:\\Personal\\xam...')
#14 {main}
CRITICAL - 2024-07-13 07:54:52 --> CodeIgniter\Database\Exceptions\DatabaseException: Unable to connect to the database.
Main connection [MySQLi]: Host 'localhost' is not allowed to connect to this MariaDB server
[Method: GET, Route: /]
in SYSTEMPATH\Database\BaseConnection.php on line 467.
 1 SYSTEMPATH\Database\BaseConnection.php(614): CodeIgniter\Database\BaseConnection->initialize()
 2 SYSTEMPATH\Database\BaseBuilder.php(1637): CodeIgniter\Database\BaseConnection->query('SELECT *
FROM `wisata`
WHERE `nama` = :nama:
 LIMIT 1', [...], false)
 3 SYSTEMPATH\Model.php(330): CodeIgniter\Database\BaseBuilder->get()
 4 SYSTEMPATH\BaseModel.php(714): CodeIgniter\Model->doFirst()
 5 APPPATH\Models\Admin\WisataModel.php(15): CodeIgniter\BaseModel->first()
 6 APPPATH\Controllers\User\Home.php(18): App\Models\Admin\WisataModel->getWisataByName('Pantai Mlarangan Asri')
 7 SYSTEMPATH\CodeIgniter.php(933): App\Controllers\User\Home->index()
 8 SYSTEMPATH\CodeIgniter.php(509): CodeIgniter\CodeIgniter->runController(Object(App\Controllers\User\Home))
 9 SYSTEMPATH\CodeIgniter.php(355): CodeIgniter\CodeIgniter->handleRequest(null, Object(Config\Cache), false)
10 SYSTEMPATH\Boot.php(325): CodeIgniter\CodeIgniter->run()
11 SYSTEMPATH\Boot.php(67): CodeIgniter\Boot::runCodeIgniter(Object(CodeIgniter\CodeIgniter))
12 FCPATH\index.php(56): CodeIgniter\Boot::bootWeb(Object(Config\Paths))
13 SYSTEMPATH\Commands\Server\rewrite.php(49): require_once('D:\\Personal\\xampp\\htdocs\\pleret\\public\\index.php')
ERROR - 2024-07-13 07:54:53 --> Error connecting to the database: mysqli_sql_exception: Host 'localhost' is not allowed to connect to this MariaDB server in D:\Personal\xampp\htdocs\pleret\system\Database\MySQLi\Connection.php:186
Stack trace:
#0 D:\Personal\xampp\htdocs\pleret\system\Database\MySQLi\Connection.php(186): mysqli->real_connect('localhost', 'root', Object(SensitiveParameterValue), 'pleret', 3306, '', 0)
#1 D:\Personal\xampp\htdocs\pleret\system\Database\BaseConnection.php(421): CodeIgniter\Database\MySQLi\Connection->connect(false)
#2 D:\Personal\xampp\htdocs\pleret\system\Database\BaseConnection.php(614): CodeIgniter\Database\BaseConnection->initialize()
#3 D:\Personal\xampp\htdocs\pleret\system\Database\BaseBuilder.php(1637): CodeIgniter\Database\BaseConnection->query('SELECT *\nFROM `...', Array, false)
#4 D:\Personal\xampp\htdocs\pleret\system\Model.php(330): CodeIgniter\Database\BaseBuilder->get()
#5 D:\Personal\xampp\htdocs\pleret\system\BaseModel.php(714): CodeIgniter\Model->doFirst()
#6 D:\Personal\xampp\htdocs\pleret\app\Models\Admin\WisataModel.php(15): CodeIgniter\BaseModel->first()
#7 D:\Personal\xampp\htdocs\pleret\app\Controllers\User\Home.php(18): App\Models\Admin\WisataModel->getWisataByName('Pantai Mlaranga...')
#8 D:\Personal\xampp\htdocs\pleret\system\CodeIgniter.php(933): App\Controllers\User\Home->index()
#9 D:\Personal\xampp\htdocs\pleret\system\CodeIgniter.php(509): CodeIgniter\CodeIgniter->runController(Object(App\Controllers\User\Home))
#10 D:\Personal\xampp\htdocs\pleret\system\CodeIgniter.php(355): CodeIgniter\CodeIgniter->handleRequest(NULL, Object(Config\Cache), false)
#11 D:\Personal\xampp\htdocs\pleret\system\Boot.php(325): CodeIgniter\CodeIgniter->run()
#12 D:\Personal\xampp\htdocs\pleret\system\Boot.php(67): CodeIgniter\Boot::runCodeIgniter(Object(CodeIgniter\CodeIgniter))
#13 D:\Personal\xampp\htdocs\pleret\public\index.php(56): CodeIgniter\Boot::bootWeb(Object(Config\Paths))
#14 D:\Personal\xampp\htdocs\pleret\system\Commands\Server\rewrite.php(49): require_once('D:\\Personal\\xam...')
#15 {main}

Next CodeIgniter\Database\Exceptions\DatabaseException: Host 'localhost' is not allowed to connect to this MariaDB server in D:\Personal\xampp\htdocs\pleret\system\Database\MySQLi\Connection.php:231
Stack trace:
#0 D:\Personal\xampp\htdocs\pleret\system\Database\BaseConnection.php(421): CodeIgniter\Database\MySQLi\Connection->connect(false)
#1 D:\Personal\xampp\htdocs\pleret\system\Database\BaseConnection.php(614): CodeIgniter\Database\BaseConnection->initialize()
#2 D:\Personal\xampp\htdocs\pleret\system\Database\BaseBuilder.php(1637): CodeIgniter\Database\BaseConnection->query('SELECT *\nFROM `...', Array, false)
#3 D:\Personal\xampp\htdocs\pleret\system\Model.php(330): CodeIgniter\Database\BaseBuilder->get()
#4 D:\Personal\xampp\htdocs\pleret\system\BaseModel.php(714): CodeIgniter\Model->doFirst()
#5 D:\Personal\xampp\htdocs\pleret\app\Models\Admin\WisataModel.php(15): CodeIgniter\BaseModel->first()
#6 D:\Personal\xampp\htdocs\pleret\app\Controllers\User\Home.php(18): App\Models\Admin\WisataModel->getWisataByName('Pantai Mlaranga...')
#7 D:\Personal\xampp\htdocs\pleret\system\CodeIgniter.php(933): App\Controllers\User\Home->index()
#8 D:\Personal\xampp\htdocs\pleret\system\CodeIgniter.php(509): CodeIgniter\CodeIgniter->runController(Object(App\Controllers\User\Home))
#9 D:\Personal\xampp\htdocs\pleret\system\CodeIgniter.php(355): CodeIgniter\CodeIgniter->handleRequest(NULL, Object(Config\Cache), false)
#10 D:\Personal\xampp\htdocs\pleret\system\Boot.php(325): CodeIgniter\CodeIgniter->run()
#11 D:\Personal\xampp\htdocs\pleret\system\Boot.php(67): CodeIgniter\Boot::runCodeIgniter(Object(CodeIgniter\CodeIgniter))
#12 D:\Personal\xampp\htdocs\pleret\public\index.php(56): CodeIgniter\Boot::bootWeb(Object(Config\Paths))
#13 D:\Personal\xampp\htdocs\pleret\system\Commands\Server\rewrite.php(49): require_once('D:\\Personal\\xam...')
#14 {main}
CRITICAL - 2024-07-13 07:54:53 --> CodeIgniter\Database\Exceptions\DatabaseException: Unable to connect to the database.
Main connection [MySQLi]: Host 'localhost' is not allowed to connect to this MariaDB server
[Method: GET, Route: /]
in SYSTEMPATH\Database\BaseConnection.php on line 467.
 1 SYSTEMPATH\Database\BaseConnection.php(614): CodeIgniter\Database\BaseConnection->initialize()
 2 SYSTEMPATH\Database\BaseBuilder.php(1637): CodeIgniter\Database\BaseConnection->query('SELECT *
FROM `wisata`
WHERE `nama` = :nama:
 LIMIT 1', [...], false)
 3 SYSTEMPATH\Model.php(330): CodeIgniter\Database\BaseBuilder->get()
 4 SYSTEMPATH\BaseModel.php(714): CodeIgniter\Model->doFirst()
 5 APPPATH\Models\Admin\WisataModel.php(15): CodeIgniter\BaseModel->first()
 6 APPPATH\Controllers\User\Home.php(18): App\Models\Admin\WisataModel->getWisataByName('Pantai Mlarangan Asri')
 7 SYSTEMPATH\CodeIgniter.php(933): App\Controllers\User\Home->index()
 8 SYSTEMPATH\CodeIgniter.php(509): CodeIgniter\CodeIgniter->runController(Object(App\Controllers\User\Home))
 9 SYSTEMPATH\CodeIgniter.php(355): CodeIgniter\CodeIgniter->handleRequest(null, Object(Config\Cache), false)
10 SYSTEMPATH\Boot.php(325): CodeIgniter\CodeIgniter->run()
11 SYSTEMPATH\Boot.php(67): CodeIgniter\Boot::runCodeIgniter(Object(CodeIgniter\CodeIgniter))
12 FCPATH\index.php(56): CodeIgniter\Boot::bootWeb(Object(Config\Paths))
13 SYSTEMPATH\Commands\Server\rewrite.php(49): require_once('D:\\Personal\\xampp\\htdocs\\pleret\\public\\index.php')
ERROR - 2024-07-13 07:55:57 --> Error connecting to the database: mysqli_sql_exception: Host 'localhost' is not allowed to connect to this MariaDB server in D:\Personal\xampp\htdocs\pleret\system\Database\MySQLi\Connection.php:186
Stack trace:
#0 D:\Personal\xampp\htdocs\pleret\system\Database\MySQLi\Connection.php(186): mysqli->real_connect('localhost', 'root', Object(SensitiveParameterValue), 'pleret', 3306, '', 0)
#1 D:\Personal\xampp\htdocs\pleret\system\Database\BaseConnection.php(421): CodeIgniter\Database\MySQLi\Connection->connect(false)
#2 D:\Personal\xampp\htdocs\pleret\system\Database\BaseConnection.php(614): CodeIgniter\Database\BaseConnection->initialize()
#3 D:\Personal\xampp\htdocs\pleret\system\Database\BaseBuilder.php(1637): CodeIgniter\Database\BaseConnection->query('SELECT *\nFROM `...', Array, false)
#4 D:\Personal\xampp\htdocs\pleret\system\Model.php(330): CodeIgniter\Database\BaseBuilder->get()
#5 D:\Personal\xampp\htdocs\pleret\system\BaseModel.php(714): CodeIgniter\Model->doFirst()
#6 D:\Personal\xampp\htdocs\pleret\app\Models\Admin\WisataModel.php(15): CodeIgniter\BaseModel->first()
#7 D:\Personal\xampp\htdocs\pleret\app\Controllers\User\Home.php(18): App\Models\Admin\WisataModel->getWisataByName('Pantai Mlaranga...')
#8 D:\Personal\xampp\htdocs\pleret\system\CodeIgniter.php(933): App\Controllers\User\Home->index()
#9 D:\Personal\xampp\htdocs\pleret\system\CodeIgniter.php(509): CodeIgniter\CodeIgniter->runController(Object(App\Controllers\User\Home))
#10 D:\Personal\xampp\htdocs\pleret\system\CodeIgniter.php(355): CodeIgniter\CodeIgniter->handleRequest(NULL, Object(Config\Cache), false)
#11 D:\Personal\xampp\htdocs\pleret\system\Boot.php(325): CodeIgniter\CodeIgniter->run()
#12 D:\Personal\xampp\htdocs\pleret\system\Boot.php(67): CodeIgniter\Boot::runCodeIgniter(Object(CodeIgniter\CodeIgniter))
#13 D:\Personal\xampp\htdocs\pleret\public\index.php(56): CodeIgniter\Boot::bootWeb(Object(Config\Paths))
#14 D:\Personal\xampp\htdocs\pleret\system\Commands\Server\rewrite.php(49): require_once('D:\\Personal\\xam...')
#15 {main}

Next CodeIgniter\Database\Exceptions\DatabaseException: Host 'localhost' is not allowed to connect to this MariaDB server in D:\Personal\xampp\htdocs\pleret\system\Database\MySQLi\Connection.php:231
Stack trace:
#0 D:\Personal\xampp\htdocs\pleret\system\Database\BaseConnection.php(421): CodeIgniter\Database\MySQLi\Connection->connect(false)
#1 D:\Personal\xampp\htdocs\pleret\system\Database\BaseConnection.php(614): CodeIgniter\Database\BaseConnection->initialize()
#2 D:\Personal\xampp\htdocs\pleret\system\Database\BaseBuilder.php(1637): CodeIgniter\Database\BaseConnection->query('SELECT *\nFROM `...', Array, false)
#3 D:\Personal\xampp\htdocs\pleret\system\Model.php(330): CodeIgniter\Database\BaseBuilder->get()
#4 D:\Personal\xampp\htdocs\pleret\system\BaseModel.php(714): CodeIgniter\Model->doFirst()
#5 D:\Personal\xampp\htdocs\pleret\app\Models\Admin\WisataModel.php(15): CodeIgniter\BaseModel->first()
#6 D:\Personal\xampp\htdocs\pleret\app\Controllers\User\Home.php(18): App\Models\Admin\WisataModel->getWisataByName('Pantai Mlaranga...')
#7 D:\Personal\xampp\htdocs\pleret\system\CodeIgniter.php(933): App\Controllers\User\Home->index()
#8 D:\Personal\xampp\htdocs\pleret\system\CodeIgniter.php(509): CodeIgniter\CodeIgniter->runController(Object(App\Controllers\User\Home))
#9 D:\Personal\xampp\htdocs\pleret\system\CodeIgniter.php(355): CodeIgniter\CodeIgniter->handleRequest(NULL, Object(Config\Cache), false)
#10 D:\Personal\xampp\htdocs\pleret\system\Boot.php(325): CodeIgniter\CodeIgniter->run()
#11 D:\Personal\xampp\htdocs\pleret\system\Boot.php(67): CodeIgniter\Boot::runCodeIgniter(Object(CodeIgniter\CodeIgniter))
#12 D:\Personal\xampp\htdocs\pleret\public\index.php(56): CodeIgniter\Boot::bootWeb(Object(Config\Paths))
#13 D:\Personal\xampp\htdocs\pleret\system\Commands\Server\rewrite.php(49): require_once('D:\\Personal\\xam...')
#14 {main}
CRITICAL - 2024-07-13 07:55:57 --> CodeIgniter\Database\Exceptions\DatabaseException: Unable to connect to the database.
Main connection [MySQLi]: Host 'localhost' is not allowed to connect to this MariaDB server
[Method: GET, Route: /]
in SYSTEMPATH\Database\BaseConnection.php on line 467.
 1 SYSTEMPATH\Database\BaseConnection.php(614): CodeIgniter\Database\BaseConnection->initialize()
 2 SYSTEMPATH\Database\BaseBuilder.php(1637): CodeIgniter\Database\BaseConnection->query('SELECT *
FROM `wisata`
WHERE `nama` = :nama:
 LIMIT 1', [...], false)
 3 SYSTEMPATH\Model.php(330): CodeIgniter\Database\BaseBuilder->get()
 4 SYSTEMPATH\BaseModel.php(714): CodeIgniter\Model->doFirst()
 5 APPPATH\Models\Admin\WisataModel.php(15): CodeIgniter\BaseModel->first()
 6 APPPATH\Controllers\User\Home.php(18): App\Models\Admin\WisataModel->getWisataByName('Pantai Mlarangan Asri')
 7 SYSTEMPATH\CodeIgniter.php(933): App\Controllers\User\Home->index()
 8 SYSTEMPATH\CodeIgniter.php(509): CodeIgniter\CodeIgniter->runController(Object(App\Controllers\User\Home))
 9 SYSTEMPATH\CodeIgniter.php(355): CodeIgniter\CodeIgniter->handleRequest(null, Object(Config\Cache), false)
10 SYSTEMPATH\Boot.php(325): CodeIgniter\CodeIgniter->run()
11 SYSTEMPATH\Boot.php(67): CodeIgniter\Boot::runCodeIgniter(Object(CodeIgniter\CodeIgniter))
12 FCPATH\index.php(56): CodeIgniter\Boot::bootWeb(Object(Config\Paths))
13 SYSTEMPATH\Commands\Server\rewrite.php(49): require_once('D:\\Personal\\xampp\\htdocs\\pleret\\public\\index.php')
ERROR - 2024-07-13 07:56:06 --> Error connecting to the database: mysqli_sql_exception: Host 'localhost' is not allowed to connect to this MariaDB server in D:\Personal\xampp\htdocs\pleret\system\Database\MySQLi\Connection.php:186
Stack trace:
#0 D:\Personal\xampp\htdocs\pleret\system\Database\MySQLi\Connection.php(186): mysqli->real_connect('localhost', 'root', Object(SensitiveParameterValue), 'pleret', 3306, '', 0)
#1 D:\Personal\xampp\htdocs\pleret\system\Database\BaseConnection.php(421): CodeIgniter\Database\MySQLi\Connection->connect(false)
#2 D:\Personal\xampp\htdocs\pleret\system\Database\BaseConnection.php(614): CodeIgniter\Database\BaseConnection->initialize()
#3 D:\Personal\xampp\htdocs\pleret\system\Database\BaseBuilder.php(1637): CodeIgniter\Database\BaseConnection->query('SELECT *\nFROM `...', Array, false)
#4 D:\Personal\xampp\htdocs\pleret\system\Model.php(330): CodeIgniter\Database\BaseBuilder->get()
#5 D:\Personal\xampp\htdocs\pleret\system\BaseModel.php(714): CodeIgniter\Model->doFirst()
#6 D:\Personal\xampp\htdocs\pleret\app\Models\Admin\WisataModel.php(15): CodeIgniter\BaseModel->first()
#7 D:\Personal\xampp\htdocs\pleret\app\Controllers\User\Home.php(18): App\Models\Admin\WisataModel->getWisataByName('Pantai Mlaranga...')
#8 D:\Personal\xampp\htdocs\pleret\system\CodeIgniter.php(933): App\Controllers\User\Home->index()
#9 D:\Personal\xampp\htdocs\pleret\system\CodeIgniter.php(509): CodeIgniter\CodeIgniter->runController(Object(App\Controllers\User\Home))
#10 D:\Personal\xampp\htdocs\pleret\system\CodeIgniter.php(355): CodeIgniter\CodeIgniter->handleRequest(NULL, Object(Config\Cache), false)
#11 D:\Personal\xampp\htdocs\pleret\system\Boot.php(325): CodeIgniter\CodeIgniter->run()
#12 D:\Personal\xampp\htdocs\pleret\system\Boot.php(67): CodeIgniter\Boot::runCodeIgniter(Object(CodeIgniter\CodeIgniter))
#13 D:\Personal\xampp\htdocs\pleret\public\index.php(56): CodeIgniter\Boot::bootWeb(Object(Config\Paths))
#14 D:\Personal\xampp\htdocs\pleret\system\Commands\Server\rewrite.php(49): require_once('D:\\Personal\\xam...')
#15 {main}

Next CodeIgniter\Database\Exceptions\DatabaseException: Host 'localhost' is not allowed to connect to this MariaDB server in D:\Personal\xampp\htdocs\pleret\system\Database\MySQLi\Connection.php:231
Stack trace:
#0 D:\Personal\xampp\htdocs\pleret\system\Database\BaseConnection.php(421): CodeIgniter\Database\MySQLi\Connection->connect(false)
#1 D:\Personal\xampp\htdocs\pleret\system\Database\BaseConnection.php(614): CodeIgniter\Database\BaseConnection->initialize()
#2 D:\Personal\xampp\htdocs\pleret\system\Database\BaseBuilder.php(1637): CodeIgniter\Database\BaseConnection->query('SELECT *\nFROM `...', Array, false)
#3 D:\Personal\xampp\htdocs\pleret\system\Model.php(330): CodeIgniter\Database\BaseBuilder->get()
#4 D:\Personal\xampp\htdocs\pleret\system\BaseModel.php(714): CodeIgniter\Model->doFirst()
#5 D:\Personal\xampp\htdocs\pleret\app\Models\Admin\WisataModel.php(15): CodeIgniter\BaseModel->first()
#6 D:\Personal\xampp\htdocs\pleret\app\Controllers\User\Home.php(18): App\Models\Admin\WisataModel->getWisataByName('Pantai Mlaranga...')
#7 D:\Personal\xampp\htdocs\pleret\system\CodeIgniter.php(933): App\Controllers\User\Home->index()
#8 D:\Personal\xampp\htdocs\pleret\system\CodeIgniter.php(509): CodeIgniter\CodeIgniter->runController(Object(App\Controllers\User\Home))
#9 D:\Personal\xampp\htdocs\pleret\system\CodeIgniter.php(355): CodeIgniter\CodeIgniter->handleRequest(NULL, Object(Config\Cache), false)
#10 D:\Personal\xampp\htdocs\pleret\system\Boot.php(325): CodeIgniter\CodeIgniter->run()
#11 D:\Personal\xampp\htdocs\pleret\system\Boot.php(67): CodeIgniter\Boot::runCodeIgniter(Object(CodeIgniter\CodeIgniter))
#12 D:\Personal\xampp\htdocs\pleret\public\index.php(56): CodeIgniter\Boot::bootWeb(Object(Config\Paths))
#13 D:\Personal\xampp\htdocs\pleret\system\Commands\Server\rewrite.php(49): require_once('D:\\Personal\\xam...')
#14 {main}
CRITICAL - 2024-07-13 07:56:06 --> CodeIgniter\Database\Exceptions\DatabaseException: Unable to connect to the database.
Main connection [MySQLi]: Host 'localhost' is not allowed to connect to this MariaDB server
[Method: GET, Route: /]
in SYSTEMPATH\Database\BaseConnection.php on line 467.
 1 SYSTEMPATH\Database\BaseConnection.php(614): CodeIgniter\Database\BaseConnection->initialize()
 2 SYSTEMPATH\Database\BaseBuilder.php(1637): CodeIgniter\Database\BaseConnection->query('SELECT *
FROM `wisata`
WHERE `nama` = :nama:
 LIMIT 1', [...], false)
 3 SYSTEMPATH\Model.php(330): CodeIgniter\Database\BaseBuilder->get()
 4 SYSTEMPATH\BaseModel.php(714): CodeIgniter\Model->doFirst()
 5 APPPATH\Models\Admin\WisataModel.php(15): CodeIgniter\BaseModel->first()
 6 APPPATH\Controllers\User\Home.php(18): App\Models\Admin\WisataModel->getWisataByName('Pantai Mlarangan Asri')
 7 SYSTEMPATH\CodeIgniter.php(933): App\Controllers\User\Home->index()
 8 SYSTEMPATH\CodeIgniter.php(509): CodeIgniter\CodeIgniter->runController(Object(App\Controllers\User\Home))
 9 SYSTEMPATH\CodeIgniter.php(355): CodeIgniter\CodeIgniter->handleRequest(null, Object(Config\Cache), false)
10 SYSTEMPATH\Boot.php(325): CodeIgniter\CodeIgniter->run()
11 SYSTEMPATH\Boot.php(67): CodeIgniter\Boot::runCodeIgniter(Object(CodeIgniter\CodeIgniter))
12 FCPATH\index.php(56): CodeIgniter\Boot::bootWeb(Object(Config\Paths))
13 SYSTEMPATH\Commands\Server\rewrite.php(49): require_once('D:\\Personal\\xampp\\htdocs\\pleret\\public\\index.php')
ERROR - 2024-07-13 07:56:24 --> Error connecting to the database: mysqli_sql_exception: Host 'localhost' is not allowed to connect to this MariaDB server in D:\Personal\xampp\htdocs\pleret\system\Database\MySQLi\Connection.php:186
Stack trace:
#0 D:\Personal\xampp\htdocs\pleret\system\Database\MySQLi\Connection.php(186): mysqli->real_connect('localhost', 'root', Object(SensitiveParameterValue), 'pleret', 3306, '', 0)
#1 D:\Personal\xampp\htdocs\pleret\system\Database\BaseConnection.php(421): CodeIgniter\Database\MySQLi\Connection->connect(false)
#2 D:\Personal\xampp\htdocs\pleret\system\Database\BaseConnection.php(614): CodeIgniter\Database\BaseConnection->initialize()
#3 D:\Personal\xampp\htdocs\pleret\system\Database\BaseBuilder.php(1637): CodeIgniter\Database\BaseConnection->query('SELECT *\nFROM `...', Array, false)
#4 D:\Personal\xampp\htdocs\pleret\system\Model.php(330): CodeIgniter\Database\BaseBuilder->get()
#5 D:\Personal\xampp\htdocs\pleret\system\BaseModel.php(714): CodeIgniter\Model->doFirst()
#6 D:\Personal\xampp\htdocs\pleret\app\Models\Admin\WisataModel.php(15): CodeIgniter\BaseModel->first()
#7 D:\Personal\xampp\htdocs\pleret\app\Controllers\User\Home.php(18): App\Models\Admin\WisataModel->getWisataByName('Pantai Mlaranga...')
#8 D:\Personal\xampp\htdocs\pleret\system\CodeIgniter.php(933): App\Controllers\User\Home->index()
#9 D:\Personal\xampp\htdocs\pleret\system\CodeIgniter.php(509): CodeIgniter\CodeIgniter->runController(Object(App\Controllers\User\Home))
#10 D:\Personal\xampp\htdocs\pleret\system\CodeIgniter.php(355): CodeIgniter\CodeIgniter->handleRequest(NULL, Object(Config\Cache), false)
#11 D:\Personal\xampp\htdocs\pleret\system\Boot.php(325): CodeIgniter\CodeIgniter->run()
#12 D:\Personal\xampp\htdocs\pleret\system\Boot.php(67): CodeIgniter\Boot::runCodeIgniter(Object(CodeIgniter\CodeIgniter))
#13 D:\Personal\xampp\htdocs\pleret\public\index.php(56): CodeIgniter\Boot::bootWeb(Object(Config\Paths))
#14 D:\Personal\xampp\htdocs\pleret\system\Commands\Server\rewrite.php(49): require_once('D:\\Personal\\xam...')
#15 {main}

Next CodeIgniter\Database\Exceptions\DatabaseException: Host 'localhost' is not allowed to connect to this MariaDB server in D:\Personal\xampp\htdocs\pleret\system\Database\MySQLi\Connection.php:231
Stack trace:
#0 D:\Personal\xampp\htdocs\pleret\system\Database\BaseConnection.php(421): CodeIgniter\Database\MySQLi\Connection->connect(false)
#1 D:\Personal\xampp\htdocs\pleret\system\Database\BaseConnection.php(614): CodeIgniter\Database\BaseConnection->initialize()
#2 D:\Personal\xampp\htdocs\pleret\system\Database\BaseBuilder.php(1637): CodeIgniter\Database\BaseConnection->query('SELECT *\nFROM `...', Array, false)
#3 D:\Personal\xampp\htdocs\pleret\system\Model.php(330): CodeIgniter\Database\BaseBuilder->get()
#4 D:\Personal\xampp\htdocs\pleret\system\BaseModel.php(714): CodeIgniter\Model->doFirst()
#5 D:\Personal\xampp\htdocs\pleret\app\Models\Admin\WisataModel.php(15): CodeIgniter\BaseModel->first()
#6 D:\Personal\xampp\htdocs\pleret\app\Controllers\User\Home.php(18): App\Models\Admin\WisataModel->getWisataByName('Pantai Mlaranga...')
#7 D:\Personal\xampp\htdocs\pleret\system\CodeIgniter.php(933): App\Controllers\User\Home->index()
#8 D:\Personal\xampp\htdocs\pleret\system\CodeIgniter.php(509): CodeIgniter\CodeIgniter->runController(Object(App\Controllers\User\Home))
#9 D:\Personal\xampp\htdocs\pleret\system\CodeIgniter.php(355): CodeIgniter\CodeIgniter->handleRequest(NULL, Object(Config\Cache), false)
#10 D:\Personal\xampp\htdocs\pleret\system\Boot.php(325): CodeIgniter\CodeIgniter->run()
#11 D:\Personal\xampp\htdocs\pleret\system\Boot.php(67): CodeIgniter\Boot::runCodeIgniter(Object(CodeIgniter\CodeIgniter))
#12 D:\Personal\xampp\htdocs\pleret\public\index.php(56): CodeIgniter\Boot::bootWeb(Object(Config\Paths))
#13 D:\Personal\xampp\htdocs\pleret\system\Commands\Server\rewrite.php(49): require_once('D:\\Personal\\xam...')
#14 {main}
CRITICAL - 2024-07-13 07:56:24 --> CodeIgniter\Database\Exceptions\DatabaseException: Unable to connect to the database.
Main connection [MySQLi]: Host 'localhost' is not allowed to connect to this MariaDB server
[Method: GET, Route: /]
in SYSTEMPATH\Database\BaseConnection.php on line 467.
 1 SYSTEMPATH\Database\BaseConnection.php(614): CodeIgniter\Database\BaseConnection->initialize()
 2 SYSTEMPATH\Database\BaseBuilder.php(1637): CodeIgniter\Database\BaseConnection->query('SELECT *
FROM `wisata`
WHERE `nama` = :nama:
 LIMIT 1', [...], false)
 3 SYSTEMPATH\Model.php(330): CodeIgniter\Database\BaseBuilder->get()
 4 SYSTEMPATH\BaseModel.php(714): CodeIgniter\Model->doFirst()
 5 APPPATH\Models\Admin\WisataModel.php(15): CodeIgniter\BaseModel->first()
 6 APPPATH\Controllers\User\Home.php(18): App\Models\Admin\WisataModel->getWisataByName('Pantai Mlarangan Asri')
 7 SYSTEMPATH\CodeIgniter.php(933): App\Controllers\User\Home->index()
 8 SYSTEMPATH\CodeIgniter.php(509): CodeIgniter\CodeIgniter->runController(Object(App\Controllers\User\Home))
 9 SYSTEMPATH\CodeIgniter.php(355): CodeIgniter\CodeIgniter->handleRequest(null, Object(Config\Cache), false)
10 SYSTEMPATH\Boot.php(325): CodeIgniter\CodeIgniter->run()
11 SYSTEMPATH\Boot.php(67): CodeIgniter\Boot::runCodeIgniter(Object(CodeIgniter\CodeIgniter))
12 FCPATH\index.php(56): CodeIgniter\Boot::bootWeb(Object(Config\Paths))
13 SYSTEMPATH\Commands\Server\rewrite.php(49): require_once('D:\\Personal\\xampp\\htdocs\\pleret\\public\\index.php')
ERROR - 2024-07-13 07:56:25 --> Error connecting to the database: mysqli_sql_exception: Host 'localhost' is not allowed to connect to this MariaDB server in D:\Personal\xampp\htdocs\pleret\system\Database\MySQLi\Connection.php:186
Stack trace:
#0 D:\Personal\xampp\htdocs\pleret\system\Database\MySQLi\Connection.php(186): mysqli->real_connect('localhost', 'root', Object(SensitiveParameterValue), 'pleret', 3306, '', 0)
#1 D:\Personal\xampp\htdocs\pleret\system\Database\BaseConnection.php(421): CodeIgniter\Database\MySQLi\Connection->connect(false)
#2 D:\Personal\xampp\htdocs\pleret\system\Database\BaseConnection.php(614): CodeIgniter\Database\BaseConnection->initialize()
#3 D:\Personal\xampp\htdocs\pleret\system\Database\BaseBuilder.php(1637): CodeIgniter\Database\BaseConnection->query('SELECT *\nFROM `...', Array, false)
#4 D:\Personal\xampp\htdocs\pleret\system\Model.php(330): CodeIgniter\Database\BaseBuilder->get()
#5 D:\Personal\xampp\htdocs\pleret\system\BaseModel.php(714): CodeIgniter\Model->doFirst()
#6 D:\Personal\xampp\htdocs\pleret\app\Models\Admin\WisataModel.php(15): CodeIgniter\BaseModel->first()
#7 D:\Personal\xampp\htdocs\pleret\app\Controllers\User\Home.php(18): App\Models\Admin\WisataModel->getWisataByName('Pantai Mlaranga...')
#8 D:\Personal\xampp\htdocs\pleret\system\CodeIgniter.php(933): App\Controllers\User\Home->index()
#9 D:\Personal\xampp\htdocs\pleret\system\CodeIgniter.php(509): CodeIgniter\CodeIgniter->runController(Object(App\Controllers\User\Home))
#10 D:\Personal\xampp\htdocs\pleret\system\CodeIgniter.php(355): CodeIgniter\CodeIgniter->handleRequest(NULL, Object(Config\Cache), false)
#11 D:\Personal\xampp\htdocs\pleret\system\Boot.php(325): CodeIgniter\CodeIgniter->run()
#12 D:\Personal\xampp\htdocs\pleret\system\Boot.php(67): CodeIgniter\Boot::runCodeIgniter(Object(CodeIgniter\CodeIgniter))
#13 D:\Personal\xampp\htdocs\pleret\public\index.php(56): CodeIgniter\Boot::bootWeb(Object(Config\Paths))
#14 D:\Personal\xampp\htdocs\pleret\system\Commands\Server\rewrite.php(49): require_once('D:\\Personal\\xam...')
#15 {main}

Next CodeIgniter\Database\Exceptions\DatabaseException: Host 'localhost' is not allowed to connect to this MariaDB server in D:\Personal\xampp\htdocs\pleret\system\Database\MySQLi\Connection.php:231
Stack trace:
#0 D:\Personal\xampp\htdocs\pleret\system\Database\BaseConnection.php(421): CodeIgniter\Database\MySQLi\Connection->connect(false)
#1 D:\Personal\xampp\htdocs\pleret\system\Database\BaseConnection.php(614): CodeIgniter\Database\BaseConnection->initialize()
#2 D:\Personal\xampp\htdocs\pleret\system\Database\BaseBuilder.php(1637): CodeIgniter\Database\BaseConnection->query('SELECT *\nFROM `...', Array, false)
#3 D:\Personal\xampp\htdocs\pleret\system\Model.php(330): CodeIgniter\Database\BaseBuilder->get()
#4 D:\Personal\xampp\htdocs\pleret\system\BaseModel.php(714): CodeIgniter\Model->doFirst()
#5 D:\Personal\xampp\htdocs\pleret\app\Models\Admin\WisataModel.php(15): CodeIgniter\BaseModel->first()
#6 D:\Personal\xampp\htdocs\pleret\app\Controllers\User\Home.php(18): App\Models\Admin\WisataModel->getWisataByName('Pantai Mlaranga...')
#7 D:\Personal\xampp\htdocs\pleret\system\CodeIgniter.php(933): App\Controllers\User\Home->index()
#8 D:\Personal\xampp\htdocs\pleret\system\CodeIgniter.php(509): CodeIgniter\CodeIgniter->runController(Object(App\Controllers\User\Home))
#9 D:\Personal\xampp\htdocs\pleret\system\CodeIgniter.php(355): CodeIgniter\CodeIgniter->handleRequest(NULL, Object(Config\Cache), false)
#10 D:\Personal\xampp\htdocs\pleret\system\Boot.php(325): CodeIgniter\CodeIgniter->run()
#11 D:\Personal\xampp\htdocs\pleret\system\Boot.php(67): CodeIgniter\Boot::runCodeIgniter(Object(CodeIgniter\CodeIgniter))
#12 D:\Personal\xampp\htdocs\pleret\public\index.php(56): CodeIgniter\Boot::bootWeb(Object(Config\Paths))
#13 D:\Personal\xampp\htdocs\pleret\system\Commands\Server\rewrite.php(49): require_once('D:\\Personal\\xam...')
#14 {main}
CRITICAL - 2024-07-13 07:56:25 --> CodeIgniter\Database\Exceptions\DatabaseException: Unable to connect to the database.
Main connection [MySQLi]: Host 'localhost' is not allowed to connect to this MariaDB server
[Method: GET, Route: /]
in SYSTEMPATH\Database\BaseConnection.php on line 467.
 1 SYSTEMPATH\Database\BaseConnection.php(614): CodeIgniter\Database\BaseConnection->initialize()
 2 SYSTEMPATH\Database\BaseBuilder.php(1637): CodeIgniter\Database\BaseConnection->query('SELECT *
FROM `wisata`
WHERE `nama` = :nama:
 LIMIT 1', [...], false)
 3 SYSTEMPATH\Model.php(330): CodeIgniter\Database\BaseBuilder->get()
 4 SYSTEMPATH\BaseModel.php(714): CodeIgniter\Model->doFirst()
 5 APPPATH\Models\Admin\WisataModel.php(15): CodeIgniter\BaseModel->first()
 6 APPPATH\Controllers\User\Home.php(18): App\Models\Admin\WisataModel->getWisataByName('Pantai Mlarangan Asri')
 7 SYSTEMPATH\CodeIgniter.php(933): App\Controllers\User\Home->index()
 8 SYSTEMPATH\CodeIgniter.php(509): CodeIgniter\CodeIgniter->runController(Object(App\Controllers\User\Home))
 9 SYSTEMPATH\CodeIgniter.php(355): CodeIgniter\CodeIgniter->handleRequest(null, Object(Config\Cache), false)
10 SYSTEMPATH\Boot.php(325): CodeIgniter\CodeIgniter->run()
11 SYSTEMPATH\Boot.php(67): CodeIgniter\Boot::runCodeIgniter(Object(CodeIgniter\CodeIgniter))
12 FCPATH\index.php(56): CodeIgniter\Boot::bootWeb(Object(Config\Paths))
13 SYSTEMPATH\Commands\Server\rewrite.php(49): require_once('D:\\Personal\\xampp\\htdocs\\pleret\\public\\index.php')
ERROR - 2024-07-13 07:56:26 --> Error connecting to the database: mysqli_sql_exception: Host 'localhost' is not allowed to connect to this MariaDB server in D:\Personal\xampp\htdocs\pleret\system\Database\MySQLi\Connection.php:186
Stack trace:
#0 D:\Personal\xampp\htdocs\pleret\system\Database\MySQLi\Connection.php(186): mysqli->real_connect('localhost', 'root', Object(SensitiveParameterValue), 'pleret', 3306, '', 0)
#1 D:\Personal\xampp\htdocs\pleret\system\Database\BaseConnection.php(421): CodeIgniter\Database\MySQLi\Connection->connect(false)
#2 D:\Personal\xampp\htdocs\pleret\system\Database\BaseConnection.php(614): CodeIgniter\Database\BaseConnection->initialize()
#3 D:\Personal\xampp\htdocs\pleret\system\Database\BaseBuilder.php(1637): CodeIgniter\Database\BaseConnection->query('SELECT *\nFROM `...', Array, false)
#4 D:\Personal\xampp\htdocs\pleret\system\Model.php(330): CodeIgniter\Database\BaseBuilder->get()
#5 D:\Personal\xampp\htdocs\pleret\system\BaseModel.php(714): CodeIgniter\Model->doFirst()
#6 D:\Personal\xampp\htdocs\pleret\app\Models\Admin\WisataModel.php(15): CodeIgniter\BaseModel->first()
#7 D:\Personal\xampp\htdocs\pleret\app\Controllers\User\Home.php(18): App\Models\Admin\WisataModel->getWisataByName('Pantai Mlaranga...')
#8 D:\Personal\xampp\htdocs\pleret\system\CodeIgniter.php(933): App\Controllers\User\Home->index()
#9 D:\Personal\xampp\htdocs\pleret\system\CodeIgniter.php(509): CodeIgniter\CodeIgniter->runController(Object(App\Controllers\User\Home))
#10 D:\Personal\xampp\htdocs\pleret\system\CodeIgniter.php(355): CodeIgniter\CodeIgniter->handleRequest(NULL, Object(Config\Cache), false)
#11 D:\Personal\xampp\htdocs\pleret\system\Boot.php(325): CodeIgniter\CodeIgniter->run()
#12 D:\Personal\xampp\htdocs\pleret\system\Boot.php(67): CodeIgniter\Boot::runCodeIgniter(Object(CodeIgniter\CodeIgniter))
#13 D:\Personal\xampp\htdocs\pleret\public\index.php(56): CodeIgniter\Boot::bootWeb(Object(Config\Paths))
#14 D:\Personal\xampp\htdocs\pleret\system\Commands\Server\rewrite.php(49): require_once('D:\\Personal\\xam...')
#15 {main}

Next CodeIgniter\Database\Exceptions\DatabaseException: Host 'localhost' is not allowed to connect to this MariaDB server in D:\Personal\xampp\htdocs\pleret\system\Database\MySQLi\Connection.php:231
Stack trace:
#0 D:\Personal\xampp\htdocs\pleret\system\Database\BaseConnection.php(421): CodeIgniter\Database\MySQLi\Connection->connect(false)
#1 D:\Personal\xampp\htdocs\pleret\system\Database\BaseConnection.php(614): CodeIgniter\Database\BaseConnection->initialize()
#2 D:\Personal\xampp\htdocs\pleret\system\Database\BaseBuilder.php(1637): CodeIgniter\Database\BaseConnection->query('SELECT *\nFROM `...', Array, false)
#3 D:\Personal\xampp\htdocs\pleret\system\Model.php(330): CodeIgniter\Database\BaseBuilder->get()
#4 D:\Personal\xampp\htdocs\pleret\system\BaseModel.php(714): CodeIgniter\Model->doFirst()
#5 D:\Personal\xampp\htdocs\pleret\app\Models\Admin\WisataModel.php(15): CodeIgniter\BaseModel->first()
#6 D:\Personal\xampp\htdocs\pleret\app\Controllers\User\Home.php(18): App\Models\Admin\WisataModel->getWisataByName('Pantai Mlaranga...')
#7 D:\Personal\xampp\htdocs\pleret\system\CodeIgniter.php(933): App\Controllers\User\Home->index()
#8 D:\Personal\xampp\htdocs\pleret\system\CodeIgniter.php(509): CodeIgniter\CodeIgniter->runController(Object(App\Controllers\User\Home))
#9 D:\Personal\xampp\htdocs\pleret\system\CodeIgniter.php(355): CodeIgniter\CodeIgniter->handleRequest(NULL, Object(Config\Cache), false)
#10 D:\Personal\xampp\htdocs\pleret\system\Boot.php(325): CodeIgniter\CodeIgniter->run()
#11 D:\Personal\xampp\htdocs\pleret\system\Boot.php(67): CodeIgniter\Boot::runCodeIgniter(Object(CodeIgniter\CodeIgniter))
#12 D:\Personal\xampp\htdocs\pleret\public\index.php(56): CodeIgniter\Boot::bootWeb(Object(Config\Paths))
#13 D:\Personal\xampp\htdocs\pleret\system\Commands\Server\rewrite.php(49): require_once('D:\\Personal\\xam...')
#14 {main}
CRITICAL - 2024-07-13 07:56:26 --> CodeIgniter\Database\Exceptions\DatabaseException: Unable to connect to the database.
Main connection [MySQLi]: Host 'localhost' is not allowed to connect to this MariaDB server
[Method: GET, Route: /]
in SYSTEMPATH\Database\BaseConnection.php on line 467.
 1 SYSTEMPATH\Database\BaseConnection.php(614): CodeIgniter\Database\BaseConnection->initialize()
 2 SYSTEMPATH\Database\BaseBuilder.php(1637): CodeIgniter\Database\BaseConnection->query('SELECT *
FROM `wisata`
WHERE `nama` = :nama:
 LIMIT 1', [...], false)
 3 SYSTEMPATH\Model.php(330): CodeIgniter\Database\BaseBuilder->get()
 4 SYSTEMPATH\BaseModel.php(714): CodeIgniter\Model->doFirst()
 5 APPPATH\Models\Admin\WisataModel.php(15): CodeIgniter\BaseModel->first()
 6 APPPATH\Controllers\User\Home.php(18): App\Models\Admin\WisataModel->getWisataByName('Pantai Mlarangan Asri')
 7 SYSTEMPATH\CodeIgniter.php(933): App\Controllers\User\Home->index()
 8 SYSTEMPATH\CodeIgniter.php(509): CodeIgniter\CodeIgniter->runController(Object(App\Controllers\User\Home))
 9 SYSTEMPATH\CodeIgniter.php(355): CodeIgniter\CodeIgniter->handleRequest(null, Object(Config\Cache), false)
10 SYSTEMPATH\Boot.php(325): CodeIgniter\CodeIgniter->run()
11 SYSTEMPATH\Boot.php(67): CodeIgniter\Boot::runCodeIgniter(Object(CodeIgniter\CodeIgniter))
12 FCPATH\index.php(56): CodeIgniter\Boot::bootWeb(Object(Config\Paths))
13 SYSTEMPATH\Commands\Server\rewrite.php(49): require_once('D:\\Personal\\xampp\\htdocs\\pleret\\public\\index.php')
ERROR - 2024-07-13 08:02:31 --> Error connecting to the database: mysqli_sql_exception: Host 'localhost' is not allowed to connect to this MariaDB server in D:\Personal\xampp\htdocs\pleret\system\Database\MySQLi\Connection.php:186
Stack trace:
#0 D:\Personal\xampp\htdocs\pleret\system\Database\MySQLi\Connection.php(186): mysqli->real_connect('localhost', 'root', Object(SensitiveParameterValue), 'pleret', 3306, '', 0)
#1 D:\Personal\xampp\htdocs\pleret\system\Database\BaseConnection.php(421): CodeIgniter\Database\MySQLi\Connection->connect(false)
#2 D:\Personal\xampp\htdocs\pleret\system\Database\BaseConnection.php(614): CodeIgniter\Database\BaseConnection->initialize()
#3 D:\Personal\xampp\htdocs\pleret\system\Database\BaseBuilder.php(1637): CodeIgniter\Database\BaseConnection->query('SELECT *\nFROM `...', Array, false)
#4 D:\Personal\xampp\htdocs\pleret\system\Model.php(330): CodeIgniter\Database\BaseBuilder->get()
#5 D:\Personal\xampp\htdocs\pleret\system\BaseModel.php(714): CodeIgniter\Model->doFirst()
#6 D:\Personal\xampp\htdocs\pleret\app\Models\Admin\WisataModel.php(15): CodeIgniter\BaseModel->first()
#7 D:\Personal\xampp\htdocs\pleret\app\Controllers\User\Home.php(18): App\Models\Admin\WisataModel->getWisataByName('Pantai Mlaranga...')
#8 D:\Personal\xampp\htdocs\pleret\system\CodeIgniter.php(933): App\Controllers\User\Home->index()
#9 D:\Personal\xampp\htdocs\pleret\system\CodeIgniter.php(509): CodeIgniter\CodeIgniter->runController(Object(App\Controllers\User\Home))
#10 D:\Personal\xampp\htdocs\pleret\system\CodeIgniter.php(355): CodeIgniter\CodeIgniter->handleRequest(NULL, Object(Config\Cache), false)
#11 D:\Personal\xampp\htdocs\pleret\system\Boot.php(325): CodeIgniter\CodeIgniter->run()
#12 D:\Personal\xampp\htdocs\pleret\system\Boot.php(67): CodeIgniter\Boot::runCodeIgniter(Object(CodeIgniter\CodeIgniter))
#13 D:\Personal\xampp\htdocs\pleret\public\index.php(56): CodeIgniter\Boot::bootWeb(Object(Config\Paths))
#14 D:\Personal\xampp\htdocs\pleret\system\Commands\Server\rewrite.php(49): require_once('D:\\Personal\\xam...')
#15 {main}

Next CodeIgniter\Database\Exceptions\DatabaseException: Host 'localhost' is not allowed to connect to this MariaDB server in D:\Personal\xampp\htdocs\pleret\system\Database\MySQLi\Connection.php:231
Stack trace:
#0 D:\Personal\xampp\htdocs\pleret\system\Database\BaseConnection.php(421): CodeIgniter\Database\MySQLi\Connection->connect(false)
#1 D:\Personal\xampp\htdocs\pleret\system\Database\BaseConnection.php(614): CodeIgniter\Database\BaseConnection->initialize()
#2 D:\Personal\xampp\htdocs\pleret\system\Database\BaseBuilder.php(1637): CodeIgniter\Database\BaseConnection->query('SELECT *\nFROM `...', Array, false)
#3 D:\Personal\xampp\htdocs\pleret\system\Model.php(330): CodeIgniter\Database\BaseBuilder->get()
#4 D:\Personal\xampp\htdocs\pleret\system\BaseModel.php(714): CodeIgniter\Model->doFirst()
#5 D:\Personal\xampp\htdocs\pleret\app\Models\Admin\WisataModel.php(15): CodeIgniter\BaseModel->first()
#6 D:\Personal\xampp\htdocs\pleret\app\Controllers\User\Home.php(18): App\Models\Admin\WisataModel->getWisataByName('Pantai Mlaranga...')
#7 D:\Personal\xampp\htdocs\pleret\system\CodeIgniter.php(933): App\Controllers\User\Home->index()
#8 D:\Personal\xampp\htdocs\pleret\system\CodeIgniter.php(509): CodeIgniter\CodeIgniter->runController(Object(App\Controllers\User\Home))
#9 D:\Personal\xampp\htdocs\pleret\system\CodeIgniter.php(355): CodeIgniter\CodeIgniter->handleRequest(NULL, Object(Config\Cache), false)
#10 D:\Personal\xampp\htdocs\pleret\system\Boot.php(325): CodeIgniter\CodeIgniter->run()
#11 D:\Personal\xampp\htdocs\pleret\system\Boot.php(67): CodeIgniter\Boot::runCodeIgniter(Object(CodeIgniter\CodeIgniter))
#12 D:\Personal\xampp\htdocs\pleret\public\index.php(56): CodeIgniter\Boot::bootWeb(Object(Config\Paths))
#13 D:\Personal\xampp\htdocs\pleret\system\Commands\Server\rewrite.php(49): require_once('D:\\Personal\\xam...')
#14 {main}
CRITICAL - 2024-07-13 08:02:31 --> CodeIgniter\Database\Exceptions\DatabaseException: Unable to connect to the database.
Main connection [MySQLi]: Host 'localhost' is not allowed to connect to this MariaDB server
[Method: GET, Route: /]
in SYSTEMPATH\Database\BaseConnection.php on line 467.
 1 SYSTEMPATH\Database\BaseConnection.php(614): CodeIgniter\Database\BaseConnection->initialize()
 2 SYSTEMPATH\Database\BaseBuilder.php(1637): CodeIgniter\Database\BaseConnection->query('SELECT *
FROM `wisata`
WHERE `nama` = :nama:
 LIMIT 1', [...], false)
 3 SYSTEMPATH\Model.php(330): CodeIgniter\Database\BaseBuilder->get()
 4 SYSTEMPATH\BaseModel.php(714): CodeIgniter\Model->doFirst()
 5 APPPATH\Models\Admin\WisataModel.php(15): CodeIgniter\BaseModel->first()
 6 APPPATH\Controllers\User\Home.php(18): App\Models\Admin\WisataModel->getWisataByName('Pantai Mlarangan Asri')
 7 SYSTEMPATH\CodeIgniter.php(933): App\Controllers\User\Home->index()
 8 SYSTEMPATH\CodeIgniter.php(509): CodeIgniter\CodeIgniter->runController(Object(App\Controllers\User\Home))
 9 SYSTEMPATH\CodeIgniter.php(355): CodeIgniter\CodeIgniter->handleRequest(null, Object(Config\Cache), false)
10 SYSTEMPATH\Boot.php(325): CodeIgniter\CodeIgniter->run()
11 SYSTEMPATH\Boot.php(67): CodeIgniter\Boot::runCodeIgniter(Object(CodeIgniter\CodeIgniter))
12 FCPATH\index.php(56): CodeIgniter\Boot::bootWeb(Object(Config\Paths))
13 SYSTEMPATH\Commands\Server\rewrite.php(49): require_once('D:\\Personal\\xampp\\htdocs\\pleret\\public\\index.php')
ERROR - 2024-07-13 08:15:14 --> Error connecting to the database: mysqli_sql_exception: Host 'localhost' is not allowed to connect to this MariaDB server in D:\Personal\xampp\htdocs\pleret\system\Database\MySQLi\Connection.php:186
Stack trace:
#0 D:\Personal\xampp\htdocs\pleret\system\Database\MySQLi\Connection.php(186): mysqli->real_connect('127.0.0.1', 'root', Object(SensitiveParameterValue), 'pleret', 3306, '', 0)
#1 D:\Personal\xampp\htdocs\pleret\system\Database\BaseConnection.php(421): CodeIgniter\Database\MySQLi\Connection->connect(false)
#2 D:\Personal\xampp\htdocs\pleret\system\Database\BaseConnection.php(614): CodeIgniter\Database\BaseConnection->initialize()
#3 D:\Personal\xampp\htdocs\pleret\system\Database\BaseBuilder.php(1637): CodeIgniter\Database\BaseConnection->query('SELECT *\nFROM `...', Array, false)
#4 D:\Personal\xampp\htdocs\pleret\system\Model.php(330): CodeIgniter\Database\BaseBuilder->get()
#5 D:\Personal\xampp\htdocs\pleret\system\BaseModel.php(714): CodeIgniter\Model->doFirst()
#6 D:\Personal\xampp\htdocs\pleret\app\Models\Admin\WisataModel.php(15): CodeIgniter\BaseModel->first()
#7 D:\Personal\xampp\htdocs\pleret\app\Controllers\User\Home.php(18): App\Models\Admin\WisataModel->getWisataByName('Pantai Mlaranga...')
#8 D:\Personal\xampp\htdocs\pleret\system\CodeIgniter.php(933): App\Controllers\User\Home->index()
#9 D:\Personal\xampp\htdocs\pleret\system\CodeIgniter.php(509): CodeIgniter\CodeIgniter->runController(Object(App\Controllers\User\Home))
#10 D:\Personal\xampp\htdocs\pleret\system\CodeIgniter.php(355): CodeIgniter\CodeIgniter->handleRequest(NULL, Object(Config\Cache), false)
#11 D:\Personal\xampp\htdocs\pleret\system\Boot.php(325): CodeIgniter\CodeIgniter->run()
#12 D:\Personal\xampp\htdocs\pleret\system\Boot.php(67): CodeIgniter\Boot::runCodeIgniter(Object(CodeIgniter\CodeIgniter))
#13 D:\Personal\xampp\htdocs\pleret\public\index.php(56): CodeIgniter\Boot::bootWeb(Object(Config\Paths))
#14 D:\Personal\xampp\htdocs\pleret\system\Commands\Server\rewrite.php(49): require_once('D:\\Personal\\xam...')
#15 {main}

Next CodeIgniter\Database\Exceptions\DatabaseException: Host 'localhost' is not allowed to connect to this MariaDB server in D:\Personal\xampp\htdocs\pleret\system\Database\MySQLi\Connection.php:231
Stack trace:
#0 D:\Personal\xampp\htdocs\pleret\system\Database\BaseConnection.php(421): CodeIgniter\Database\MySQLi\Connection->connect(false)
#1 D:\Personal\xampp\htdocs\pleret\system\Database\BaseConnection.php(614): CodeIgniter\Database\BaseConnection->initialize()
#2 D:\Personal\xampp\htdocs\pleret\system\Database\BaseBuilder.php(1637): CodeIgniter\Database\BaseConnection->query('SELECT *\nFROM `...', Array, false)
#3 D:\Personal\xampp\htdocs\pleret\system\Model.php(330): CodeIgniter\Database\BaseBuilder->get()
#4 D:\Personal\xampp\htdocs\pleret\system\BaseModel.php(714): CodeIgniter\Model->doFirst()
#5 D:\Personal\xampp\htdocs\pleret\app\Models\Admin\WisataModel.php(15): CodeIgniter\BaseModel->first()
#6 D:\Personal\xampp\htdocs\pleret\app\Controllers\User\Home.php(18): App\Models\Admin\WisataModel->getWisataByName('Pantai Mlaranga...')
#7 D:\Personal\xampp\htdocs\pleret\system\CodeIgniter.php(933): App\Controllers\User\Home->index()
#8 D:\Personal\xampp\htdocs\pleret\system\CodeIgniter.php(509): CodeIgniter\CodeIgniter->runController(Object(App\Controllers\User\Home))
#9 D:\Personal\xampp\htdocs\pleret\system\CodeIgniter.php(355): CodeIgniter\CodeIgniter->handleRequest(NULL, Object(Config\Cache), false)
#10 D:\Personal\xampp\htdocs\pleret\system\Boot.php(325): CodeIgniter\CodeIgniter->run()
#11 D:\Personal\xampp\htdocs\pleret\system\Boot.php(67): CodeIgniter\Boot::runCodeIgniter(Object(CodeIgniter\CodeIgniter))
#12 D:\Personal\xampp\htdocs\pleret\public\index.php(56): CodeIgniter\Boot::bootWeb(Object(Config\Paths))
#13 D:\Personal\xampp\htdocs\pleret\system\Commands\Server\rewrite.php(49): require_once('D:\\Personal\\xam...')
#14 {main}
CRITICAL - 2024-07-13 08:15:14 --> CodeIgniter\Database\Exceptions\DatabaseException: Unable to connect to the database.
Main connection [MySQLi]: Host 'localhost' is not allowed to connect to this MariaDB server
[Method: GET, Route: /]
in SYSTEMPATH\Database\BaseConnection.php on line 467.
 1 SYSTEMPATH\Database\BaseConnection.php(614): CodeIgniter\Database\BaseConnection->initialize()
 2 SYSTEMPATH\Database\BaseBuilder.php(1637): CodeIgniter\Database\BaseConnection->query('SELECT *
FROM `wisata`
WHERE `nama` = :nama:
 LIMIT 1', [...], false)
 3 SYSTEMPATH\Model.php(330): CodeIgniter\Database\BaseBuilder->get()
 4 SYSTEMPATH\BaseModel.php(714): CodeIgniter\Model->doFirst()
 5 APPPATH\Models\Admin\WisataModel.php(15): CodeIgniter\BaseModel->first()
 6 APPPATH\Controllers\User\Home.php(18): App\Models\Admin\WisataModel->getWisataByName('Pantai Mlarangan Asri')
 7 SYSTEMPATH\CodeIgniter.php(933): App\Controllers\User\Home->index()
 8 SYSTEMPATH\CodeIgniter.php(509): CodeIgniter\CodeIgniter->runController(Object(App\Controllers\User\Home))
 9 SYSTEMPATH\CodeIgniter.php(355): CodeIgniter\CodeIgniter->handleRequest(null, Object(Config\Cache), false)
10 SYSTEMPATH\Boot.php(325): CodeIgniter\CodeIgniter->run()
11 SYSTEMPATH\Boot.php(67): CodeIgniter\Boot::runCodeIgniter(Object(CodeIgniter\CodeIgniter))
12 FCPATH\index.php(56): CodeIgniter\Boot::bootWeb(Object(Config\Paths))
13 SYSTEMPATH\Commands\Server\rewrite.php(49): require_once('D:\\Personal\\xampp\\htdocs\\pleret\\public\\index.php')
ERROR - 2024-07-13 08:15:26 --> Error connecting to the database: mysqli_sql_exception: Host 'localhost' is not allowed to connect to this MariaDB server in D:\Personal\xampp\htdocs\pleret\system\Database\MySQLi\Connection.php:186
Stack trace:
#0 D:\Personal\xampp\htdocs\pleret\system\Database\MySQLi\Connection.php(186): mysqli->real_connect('127.0.0.1', 'root', Object(SensitiveParameterValue), 'pleret', 3306, '', 0)
#1 D:\Personal\xampp\htdocs\pleret\system\Database\BaseConnection.php(421): CodeIgniter\Database\MySQLi\Connection->connect(false)
#2 D:\Personal\xampp\htdocs\pleret\system\Database\BaseConnection.php(614): CodeIgniter\Database\BaseConnection->initialize()
#3 D:\Personal\xampp\htdocs\pleret\system\Database\BaseBuilder.php(1637): CodeIgniter\Database\BaseConnection->query('SELECT *\nFROM `...', Array, false)
#4 D:\Personal\xampp\htdocs\pleret\system\Model.php(330): CodeIgniter\Database\BaseBuilder->get()
#5 D:\Personal\xampp\htdocs\pleret\system\BaseModel.php(714): CodeIgniter\Model->doFirst()
#6 D:\Personal\xampp\htdocs\pleret\app\Models\Admin\WisataModel.php(15): CodeIgniter\BaseModel->first()
#7 D:\Personal\xampp\htdocs\pleret\app\Controllers\User\Home.php(18): App\Models\Admin\WisataModel->getWisataByName('Pantai Mlaranga...')
#8 D:\Personal\xampp\htdocs\pleret\system\CodeIgniter.php(933): App\Controllers\User\Home->index()
#9 D:\Personal\xampp\htdocs\pleret\system\CodeIgniter.php(509): CodeIgniter\CodeIgniter->runController(Object(App\Controllers\User\Home))
#10 D:\Personal\xampp\htdocs\pleret\system\CodeIgniter.php(355): CodeIgniter\CodeIgniter->handleRequest(NULL, Object(Config\Cache), false)
#11 D:\Personal\xampp\htdocs\pleret\system\Boot.php(325): CodeIgniter\CodeIgniter->run()
#12 D:\Personal\xampp\htdocs\pleret\system\Boot.php(67): CodeIgniter\Boot::runCodeIgniter(Object(CodeIgniter\CodeIgniter))
#13 D:\Personal\xampp\htdocs\pleret\public\index.php(56): CodeIgniter\Boot::bootWeb(Object(Config\Paths))
#14 D:\Personal\xampp\htdocs\pleret\system\Commands\Server\rewrite.php(49): require_once('D:\\Personal\\xam...')
#15 {main}

Next CodeIgniter\Database\Exceptions\DatabaseException: Host 'localhost' is not allowed to connect to this MariaDB server in D:\Personal\xampp\htdocs\pleret\system\Database\MySQLi\Connection.php:231
Stack trace:
#0 D:\Personal\xampp\htdocs\pleret\system\Database\BaseConnection.php(421): CodeIgniter\Database\MySQLi\Connection->connect(false)
#1 D:\Personal\xampp\htdocs\pleret\system\Database\BaseConnection.php(614): CodeIgniter\Database\BaseConnection->initialize()
#2 D:\Personal\xampp\htdocs\pleret\system\Database\BaseBuilder.php(1637): CodeIgniter\Database\BaseConnection->query('SELECT *\nFROM `...', Array, false)
#3 D:\Personal\xampp\htdocs\pleret\system\Model.php(330): CodeIgniter\Database\BaseBuilder->get()
#4 D:\Personal\xampp\htdocs\pleret\system\BaseModel.php(714): CodeIgniter\Model->doFirst()
#5 D:\Personal\xampp\htdocs\pleret\app\Models\Admin\WisataModel.php(15): CodeIgniter\BaseModel->first()
#6 D:\Personal\xampp\htdocs\pleret\app\Controllers\User\Home.php(18): App\Models\Admin\WisataModel->getWisataByName('Pantai Mlaranga...')
#7 D:\Personal\xampp\htdocs\pleret\system\CodeIgniter.php(933): App\Controllers\User\Home->index()
#8 D:\Personal\xampp\htdocs\pleret\system\CodeIgniter.php(509): CodeIgniter\CodeIgniter->runController(Object(App\Controllers\User\Home))
#9 D:\Personal\xampp\htdocs\pleret\system\CodeIgniter.php(355): CodeIgniter\CodeIgniter->handleRequest(NULL, Object(Config\Cache), false)
#10 D:\Personal\xampp\htdocs\pleret\system\Boot.php(325): CodeIgniter\CodeIgniter->run()
#11 D:\Personal\xampp\htdocs\pleret\system\Boot.php(67): CodeIgniter\Boot::runCodeIgniter(Object(CodeIgniter\CodeIgniter))
#12 D:\Personal\xampp\htdocs\pleret\public\index.php(56): CodeIgniter\Boot::bootWeb(Object(Config\Paths))
#13 D:\Personal\xampp\htdocs\pleret\system\Commands\Server\rewrite.php(49): require_once('D:\\Personal\\xam...')
#14 {main}
CRITICAL - 2024-07-13 08:15:26 --> CodeIgniter\Database\Exceptions\DatabaseException: Unable to connect to the database.
Main connection [MySQLi]: Host 'localhost' is not allowed to connect to this MariaDB server
[Method: GET, Route: /]
in SYSTEMPATH\Database\BaseConnection.php on line 467.
 1 SYSTEMPATH\Database\BaseConnection.php(614): CodeIgniter\Database\BaseConnection->initialize()
 2 SYSTEMPATH\Database\BaseBuilder.php(1637): CodeIgniter\Database\BaseConnection->query('SELECT *
FROM `wisata`
WHERE `nama` = :nama:
 LIMIT 1', [...], false)
 3 SYSTEMPATH\Model.php(330): CodeIgniter\Database\BaseBuilder->get()
 4 SYSTEMPATH\BaseModel.php(714): CodeIgniter\Model->doFirst()
 5 APPPATH\Models\Admin\WisataModel.php(15): CodeIgniter\BaseModel->first()
 6 APPPATH\Controllers\User\Home.php(18): App\Models\Admin\WisataModel->getWisataByName('Pantai Mlarangan Asri')
 7 SYSTEMPATH\CodeIgniter.php(933): App\Controllers\User\Home->index()
 8 SYSTEMPATH\CodeIgniter.php(509): CodeIgniter\CodeIgniter->runController(Object(App\Controllers\User\Home))
 9 SYSTEMPATH\CodeIgniter.php(355): CodeIgniter\CodeIgniter->handleRequest(null, Object(Config\Cache), false)
10 SYSTEMPATH\Boot.php(325): CodeIgniter\CodeIgniter->run()
11 SYSTEMPATH\Boot.php(67): CodeIgniter\Boot::runCodeIgniter(Object(CodeIgniter\CodeIgniter))
12 FCPATH\index.php(56): CodeIgniter\Boot::bootWeb(Object(Config\Paths))
13 SYSTEMPATH\Commands\Server\rewrite.php(49): require_once('D:\\Personal\\xampp\\htdocs\\pleret\\public\\index.php')
ERROR - 2024-07-13 08:16:51 --> Error connecting to the database: mysqli_sql_exception: Host 'localhost' is not allowed to connect to this MariaDB server in D:\Personal\xampp\htdocs\pleret\system\Database\MySQLi\Connection.php:186
Stack trace:
#0 D:\Personal\xampp\htdocs\pleret\system\Database\MySQLi\Connection.php(186): mysqli->real_connect('localhost', 'root', Object(SensitiveParameterValue), 'pleret', 3306, '', 0)
#1 D:\Personal\xampp\htdocs\pleret\system\Database\BaseConnection.php(421): CodeIgniter\Database\MySQLi\Connection->connect(false)
#2 D:\Personal\xampp\htdocs\pleret\system\Database\BaseConnection.php(614): CodeIgniter\Database\BaseConnection->initialize()
#3 D:\Personal\xampp\htdocs\pleret\system\Database\BaseBuilder.php(1637): CodeIgniter\Database\BaseConnection->query('SELECT *\nFROM `...', Array, false)
#4 D:\Personal\xampp\htdocs\pleret\system\Model.php(330): CodeIgniter\Database\BaseBuilder->get()
#5 D:\Personal\xampp\htdocs\pleret\system\BaseModel.php(714): CodeIgniter\Model->doFirst()
#6 D:\Personal\xampp\htdocs\pleret\app\Models\Admin\WisataModel.php(15): CodeIgniter\BaseModel->first()
#7 D:\Personal\xampp\htdocs\pleret\app\Controllers\User\Home.php(18): App\Models\Admin\WisataModel->getWisataByName('Pantai Mlaranga...')
#8 D:\Personal\xampp\htdocs\pleret\system\CodeIgniter.php(933): App\Controllers\User\Home->index()
#9 D:\Personal\xampp\htdocs\pleret\system\CodeIgniter.php(509): CodeIgniter\CodeIgniter->runController(Object(App\Controllers\User\Home))
#10 D:\Personal\xampp\htdocs\pleret\system\CodeIgniter.php(355): CodeIgniter\CodeIgniter->handleRequest(NULL, Object(Config\Cache), false)
#11 D:\Personal\xampp\htdocs\pleret\system\Boot.php(325): CodeIgniter\CodeIgniter->run()
#12 D:\Personal\xampp\htdocs\pleret\system\Boot.php(67): CodeIgniter\Boot::runCodeIgniter(Object(CodeIgniter\CodeIgniter))
#13 D:\Personal\xampp\htdocs\pleret\public\index.php(56): CodeIgniter\Boot::bootWeb(Object(Config\Paths))
#14 D:\Personal\xampp\htdocs\pleret\system\Commands\Server\rewrite.php(49): require_once('D:\\Personal\\xam...')
#15 {main}

Next CodeIgniter\Database\Exceptions\DatabaseException: Host 'localhost' is not allowed to connect to this MariaDB server in D:\Personal\xampp\htdocs\pleret\system\Database\MySQLi\Connection.php:231
Stack trace:
#0 D:\Personal\xampp\htdocs\pleret\system\Database\BaseConnection.php(421): CodeIgniter\Database\MySQLi\Connection->connect(false)
#1 D:\Personal\xampp\htdocs\pleret\system\Database\BaseConnection.php(614): CodeIgniter\Database\BaseConnection->initialize()
#2 D:\Personal\xampp\htdocs\pleret\system\Database\BaseBuilder.php(1637): CodeIgniter\Database\BaseConnection->query('SELECT *\nFROM `...', Array, false)
#3 D:\Personal\xampp\htdocs\pleret\system\Model.php(330): CodeIgniter\Database\BaseBuilder->get()
#4 D:\Personal\xampp\htdocs\pleret\system\BaseModel.php(714): CodeIgniter\Model->doFirst()
#5 D:\Personal\xampp\htdocs\pleret\app\Models\Admin\WisataModel.php(15): CodeIgniter\BaseModel->first()
#6 D:\Personal\xampp\htdocs\pleret\app\Controllers\User\Home.php(18): App\Models\Admin\WisataModel->getWisataByName('Pantai Mlaranga...')
#7 D:\Personal\xampp\htdocs\pleret\system\CodeIgniter.php(933): App\Controllers\User\Home->index()
#8 D:\Personal\xampp\htdocs\pleret\system\CodeIgniter.php(509): CodeIgniter\CodeIgniter->runController(Object(App\Controllers\User\Home))
#9 D:\Personal\xampp\htdocs\pleret\system\CodeIgniter.php(355): CodeIgniter\CodeIgniter->handleRequest(NULL, Object(Config\Cache), false)
#10 D:\Personal\xampp\htdocs\pleret\system\Boot.php(325): CodeIgniter\CodeIgniter->run()
#11 D:\Personal\xampp\htdocs\pleret\system\Boot.php(67): CodeIgniter\Boot::runCodeIgniter(Object(CodeIgniter\CodeIgniter))
#12 D:\Personal\xampp\htdocs\pleret\public\index.php(56): CodeIgniter\Boot::bootWeb(Object(Config\Paths))
#13 D:\Personal\xampp\htdocs\pleret\system\Commands\Server\rewrite.php(49): require_once('D:\\Personal\\xam...')
#14 {main}
CRITICAL - 2024-07-13 08:16:51 --> CodeIgniter\Database\Exceptions\DatabaseException: Unable to connect to the database.
Main connection [MySQLi]: Host 'localhost' is not allowed to connect to this MariaDB server
[Method: GET, Route: /]
in SYSTEMPATH\Database\BaseConnection.php on line 467.
 1 SYSTEMPATH\Database\BaseConnection.php(614): CodeIgniter\Database\BaseConnection->initialize()
 2 SYSTEMPATH\Database\BaseBuilder.php(1637): CodeIgniter\Database\BaseConnection->query('SELECT *
FROM `wisata`
WHERE `nama` = :nama:
 LIMIT 1', [...], false)
 3 SYSTEMPATH\Model.php(330): CodeIgniter\Database\BaseBuilder->get()
 4 SYSTEMPATH\BaseModel.php(714): CodeIgniter\Model->doFirst()
 5 APPPATH\Models\Admin\WisataModel.php(15): CodeIgniter\BaseModel->first()
 6 APPPATH\Controllers\User\Home.php(18): App\Models\Admin\WisataModel->getWisataByName('Pantai Mlarangan Asri')
 7 SYSTEMPATH\CodeIgniter.php(933): App\Controllers\User\Home->index()
 8 SYSTEMPATH\CodeIgniter.php(509): CodeIgniter\CodeIgniter->runController(Object(App\Controllers\User\Home))
 9 SYSTEMPATH\CodeIgniter.php(355): CodeIgniter\CodeIgniter->handleRequest(null, Object(Config\Cache), false)
10 SYSTEMPATH\Boot.php(325): CodeIgniter\CodeIgniter->run()
11 SYSTEMPATH\Boot.php(67): CodeIgniter\Boot::runCodeIgniter(Object(CodeIgniter\CodeIgniter))
12 FCPATH\index.php(56): CodeIgniter\Boot::bootWeb(Object(Config\Paths))
13 SYSTEMPATH\Commands\Server\rewrite.php(49): require_once('D:\\Personal\\xampp\\htdocs\\pleret\\public\\index.php')
INFO - 2024-07-13 09:14:26 --> Session: Class initialized using 'CodeIgniter\Session\Handlers\FileHandler' driver.
INFO - 2024-07-13 09:14:37 --> Session: Class initialized using 'CodeIgniter\Session\Handlers\FileHandler' driver.
INFO - 2024-07-13 09:14:37 --> Session: Class initialized using 'CodeIgniter\Session\Handlers\FileHandler' driver.
INFO - 2024-07-13 09:14:54 --> Session: Class initialized using 'CodeIgniter\Session\Handlers\FileHandler' driver.
INFO - 2024-07-13 09:15:02 --> Session: Class initialized using 'CodeIgniter\Session\Handlers\FileHandler' driver.
INFO - 2024-07-13 09:15:12 --> Session: Class initialized using 'CodeIgniter\Session\Handlers\FileHandler' driver.
INFO - 2024-07-13 09:15:18 --> Session: Class initialized using 'CodeIgniter\Session\Handlers\FileHandler' driver.
INFO - 2024-07-13 09:15:25 --> Session: Class initialized using 'CodeIgniter\Session\Handlers\FileHandler' driver.
INFO - 2024-07-13 09:15:37 --> Session: Class initialized using 'CodeIgniter\Session\Handlers\FileHandler' driver.
INFO - 2024-07-13 09:15:44 --> Session: Class initialized using 'CodeIgniter\Session\Handlers\FileHandler' driver.
INFO - 2024-07-13 09:23:54 --> Session: Class initialized using 'CodeIgniter\Session\Handlers\FileHandler' driver.
INFO - 2024-07-13 09:23:58 --> Session: Class initialized using 'CodeIgniter\Session\Handlers\FileHandler' driver.
INFO - 2024-07-13 16:50:46 --> Session: Class initialized using 'CodeIgniter\Session\Handlers\FileHandler' driver.
